[0623/223151.039:ERROR:process_reader_win.cc(123)] NtOpenThread: {액세스 거부} 프로세스가 개체에 액세스를 요구했지만 액세스 권한이 없습니다. (0xc0000022)
[0623/223152.317:ERROR:exception_snapshot_win.cc(98)] thread ID 8044 not found in process
[0623/223153.327:ERROR:process_reader_win.cc(151)] SuspendThread: 액세스가 거부되었습니다. (0x5)
[0623/223153.328:ERROR:process_reader_win.cc(151)] SuspendThread: 액세스가 거부되었습니다. (0x5)
[0623/223153.328:ERROR:process_reader_win.cc(151)] SuspendThread: 액세스가 거부되었습니다. (0x5)
[0623/223153.328:ERROR:process_reader_win.cc(151)] SuspendThread: 액세스가 거부되었습니다. (0x5)
[0623/223153.328:ERROR:process_reader_win.cc(151)] SuspendThread: 액세스가 거부되었습니다. (0x5)
[0623/223153.328:ERROR:process_reader_win.cc(151)] SuspendThread: 액세스가 거부되었습니다. (0x5)
[0623/223153.328:ERROR:process_reader_win.cc(151)] SuspendThread: 액세스가 거부되었습니다. (0x5)
[0623/223153.328:ERROR:process_reader_win.cc(151)] SuspendThread: 액세스가 거부되었습니다. (0x5)
[0623/223153.329:ERROR:process_reader_win.cc(151)] SuspendThread: 액세스가 거부되었습니다. (0x5)
[0623/223153.329:ERROR:process_reader_win.cc(123)] NtOpenThread: {액세스 거부} 프로세스가 개체에 액세스를 요구했지만 액세스 권한이 없습니다. (0xc0000022)
[0623/223153.329:ERROR:exception_snapshot_win.cc(98)] thread ID 4800 not found in process
[0623/223214.039:ERROR:process_reader_win.cc(123)] NtOpenThread: {액세스 거부} 프로세스가 개체에 액세스를 요구했지만 액세스 권한이 없습니다. (0xc0000022)
[0623/223214.042:ERROR:exception_snapshot_win.cc(98)] thread ID 13176 not found in process
[0625/193635.876:ERROR:process_memory_win.cc(73)] ReadMemory at 0x18ec59138c0 of 72 bytes failed: ReadProcessMemory 또는 WriteProcessMemory의 일부 작업만을 마쳤습니다. (0x12B)
[0625/193636.100:WARNING:pe_image_annotations_reader.cc(134)] could not read annotations list object in C:\Program Files (x86)\Google\Chrome\Application\83.0.4103.116\chrome_elf.dll
[0625/193636.100:ERROR:process_memory_win.cc(73)] ReadMemory at 0x7ffc0ba30000 of 64 bytes failed: ReadProcessMemory 또는 WriteProcessMemory의 일부 작업만을 마쳤습니다. (0x12B)
[0625/193636.100:WARNING:pe_image_reader.cc(340)] could not read dos header from C:\WINDOWS\SYSTEM32\VERSION.dll
[0625/193636.100:ERROR:process_memory_win.cc(73)] ReadMemory at 0x7ffc17b60000 of 64 bytes failed: ReadProcessMemory 또는 WriteProcessMemory의 일부 작업만을 마쳤습니다. (0x12B)
[0625/193636.100:WARNING:pe_image_reader.cc(340)] could not read dos header from C:\WINDOWS\System32\msvcrt.dll
[0625/193636.100:ERROR:process_memory_win.cc(73)] ReadMemory at 0x7ffc16c80000 of 64 bytes failed: ReadProcessMemory 또는 WriteProcessMemory의 일부 작업만을 마쳤습니다. (0x12B)
[0625/193636.100:WARNING:pe_image_reader.cc(340)] could not read dos header from C:\WINDOWS\System32\bcryptPrimitives.dll
[0625/193636.100:ERROR:process_memory_win.cc(73)] ReadMemory at 0x7ffc18590000 of 64 bytes failed: ReadProcessMemory 또는 WriteProcessMemory의 일부 작업만을 마쳤습니다. (0x12B)
[0625/193636.100:WARNING:pe_image_reader.cc(340)] could not read dos header from C:\WINDOWS\System32\ADVAPI32.dll
[0625/193636.100:ERROR:process_memory_win.cc(73)] ReadMemory at 0x7ffc18010000 of 64 bytes failed: ReadProcessMemory 또는 WriteProcessMemory의 일부 작업만을 마쳤습니다. (0x12B)
[0625/193636.100:WARNING:pe_image_reader.cc(340)] could not read dos header from C:\WINDOWS\System32\sechost.dll
[0625/193636.100:ERROR:process_memory_win.cc(73)] ReadMemory at 0x7ffc17ef0000 of 64 bytes failed: ReadProcessMemory 또는 WriteProcessMemory의 일부 작업만을 마쳤습니다. (0x12B)
[0625/193636.100:WARNING:pe_image_reader.cc(340)] could not read dos header from C:\WINDOWS\System32\RPCRT4.dll
[0625/193636.100:ERROR:process_memory_win.cc(73)] ReadMemory at 0x7ffbcbed0000 of 64 bytes failed: ReadProcessMemory 또는 WriteProcessMemory의 일부 작업만을 마쳤습니다. (0x12B)
[0625/193636.101:WARNING:pe_image_reader.cc(340)] could not read dos header from C:\Program Files (x86)\Google\Chrome\Application\83.0.4103.116\chrome.dll
[0625/193636.101:ERROR:process_memory_win.cc(73)] ReadMemory at 0x7ffc189a0000 of 64 bytes failed: ReadProcessMemory 또는 WriteProcessMemory의 일부 작업만을 마쳤습니다. (0x12B)
[0625/193636.101:WARNING:pe_image_reader.cc(340)] could not read dos header from C:\WINDOWS\System32\WS2_32.dll
[0625/193636.101:ERROR:process_memory_win.cc(73)] ReadMemory at 0x7ffc19990000 of 64 bytes failed: ReadProcessMemory 또는 WriteProcessMemory의 일부 작업만을 마쳤습니다. (0x12B)
[0625/193636.101:WARNING:pe_image_reader.cc(340)] could not read dos header from C:\WINDOWS\System32\OLEAUT32.dll
[0625/193636.101:ERROR:process_memory_win.cc(73)] ReadMemory at 0x7ffc16a30000 of 64 bytes failed: ReadProcessMemory 또는 WriteProcessMemory의 일부 작업만을 마쳤습니다. (0x12B)
[0625/193636.101:WARNING:pe_image_reader.cc(340)] could not read dos header from C:\WINDOWS\System32\msvcp_win.dll
[0625/193636.101:ERROR:process_memory_win.cc(73)] ReadMemory at 0x7ffc178b0000 of 64 bytes failed: ReadProcessMemory 또는 WriteProcessMemory의 일부 작업만을 마쳤습니다. (0x12B)
[0625/193636.101:WARNING:pe_image_reader.cc(340)] could not read dos header from C:\WINDOWS\System32\ucrtbase.dll
[0625/193636.101:ERROR:process_memory_win.cc(73)] ReadMemory at 0x7ffc180b0000 of 64 bytes failed: ReadProcessMemory 또는 WriteProcessMemory의 일부 작업만을 마쳤습니다. (0x12B)
[0625/193636.101:WARNING:pe_image_reader.cc(340)] could not read dos header from C:\WINDOWS\System32\combase.dll
[0625/193636.101:ERROR:process_memory_win.cc(73)] ReadMemory at 0x7ffc16c20000 of 64 bytes failed: ReadProcessMemory 또는 WriteProcessMemory의 일부 작업만을 마쳤습니다. (0x12B)
[0625/193636.101:WARNING:pe_image_reader.cc(340)] could not read dos header from C:\WINDOWS\System32\WINTRUST.dll
[0625/193636.101:ERROR:process_memory_win.cc(73)] ReadMemory at 0x7ffc16990000 of 64 bytes failed: ReadProcessMemory 또는 WriteProcessMemory의 일부 작업만을 마쳤습니다. (0x12B)
[0625/193636.101:WARNING:pe_image_reader.cc(340)] could not read dos header from C:\WINDOWS\System32\MSASN1.dll
[0625/193636.101:ERROR:process_memory_win.cc(73)] ReadMemory at 0x7ffc16ad0000 of 64 bytes failed: ReadProcessMemory 또는 WriteProcessMemory의 일부 작업만을 마쳤습니다. (0x12B)
[0625/193636.101:WARNING:pe_image_reader.cc(340)] could not read dos header from C:\WINDOWS\System32\CRYPT32.dll
[0625/193636.101:ERROR:process_memory_win.cc(73)] ReadMemory at 0x7ffc15e80000 of 64 bytes failed: ReadProcessMemory 또는 WriteProcessMemory의 일부 작업만을 마쳤습니다. (0x12B)
[0625/193636.101:WARNING:pe_image_reader.cc(340)] could not read dos header from C:\WINDOWS\SYSTEM32\IPHLPAPI.DLL
[0625/193636.101:ERROR:process_memory_win.cc(73)] ReadMemory at 0x7ffc13ce0000 of 64 bytes failed: ReadProcessMemory 또는 WriteProcessMemory의 일부 작업만을 마쳤습니다. (0x12B)
[0625/193636.101:WARNING:pe_image_reader.cc(340)] could not read dos header from C:\WINDOWS\SYSTEM32\WINMM.dll
[0625/193636.102:ERROR:process_memory_win.cc(73)] ReadMemory at 0x7ffc06080000 of 64 bytes failed: ReadProcessMemory 또는 WriteProcessMemory의 일부 작업만을 마쳤습니다. (0x12B)
[0625/193636.102:WARNING:pe_image_reader.cc(340)] could not read dos header from C:\WINDOWS\SYSTEM32\Secur32.dll
[0625/193636.102:ERROR:process_memory_win.cc(73)] ReadMemory at 0x7ffc16850000 of 64 bytes failed: ReadProcessMemory 또는 WriteProcessMemory의 일부 작업만을 마쳤습니다. (0x12B)
[0625/193636.102:WARNING:pe_image_reader.cc(340)] could not read dos header from C:\WINDOWS\SYSTEM32\USERENV.dll
[0625/193636.102:ERROR:process_memory_win.cc(73)] ReadMemory at 0x7ffc16a00000 of 64 bytes failed: ReadProcessMemory 또는 WriteProcessMemory의 일부 작업만을 마쳤습니다. (0x12B)
[0625/193636.102:WARNING:pe_image_reader.cc(340)] could not read dos header from C:\WINDOWS\System32\profapi.dll
[0625/193636.102:ERROR:process_memory_win.cc(73)] ReadMemory at 0x7ffbf0450000 of 64 bytes failed: ReadProcessMemory 또는 WriteProcessMemory의 일부 작업만을 마쳤습니다. (0x12B)
[0625/193636.102:WARNING:pe_image_reader.cc(340)] could not read dos header from C:\WINDOWS\SYSTEM32\UIAutomationCore.DLL
[0625/193636.102:ERROR:process_memory_win.cc(73)] ReadMemory at 0x7ffc074b0000 of 64 bytes failed: ReadProcessMemory 또는 WriteProcessMemory의 일부 작업만을 마쳤습니다. (0x12B)
[0625/193636.102:WARNING:pe_image_reader.cc(340)] could not read dos header from C:\WINDOWS\SYSTEM32\DWrite.dll
[0625/193636.102:ERROR:process_memory_win.cc(73)] ReadMemory at 0x7ffc052b0000 of 64 bytes failed: ReadProcessMemory 또는 WriteProcessMemory의 일부 작업만을 마쳤습니다. (0x12B)
[0625/193636.102:WARNING:pe_image_reader.cc(340)] could not read dos header from C:\WINDOWS\SYSTEM32\WINSPOOL.DRV
[0625/193636.102:ERROR:process_memory_win.cc(73)] ReadMemory at 0x7ffc16970000 of 64 bytes failed: ReadProcessMemory 또는 WriteProcessMemory의 일부 작업만을 마쳤습니다. (0x12B)
[0625/193636.102:WARNING:pe_image_reader.cc(340)] could not read dos header from C:\WINDOWS\System32\kernel.appcore.dll
[0625/193636.102:ERROR:process_memory_win.cc(73)] ReadMemory at 0x7ffc17550000 of 64 bytes failed: ReadProcessMemory 또는 WriteProcessMemory의 일부 작업만을 마쳤습니다. (0x12B)
[0625/193636.102:WARNING:pe_image_reader.cc(340)] could not read dos header from C:\WINDOWS\System32\bcrypt.dll
[0625/193636.102:ERROR:process_memory_win.cc(73)] ReadMemory at 0x7ffc04b00000 of 64 bytes failed: ReadProcessMemory 또는 WriteProcessMemory의 일부 작업만을 마쳤습니다. (0x12B)
[0625/193636.102:WARNING:pe_image_reader.cc(340)] could not read dos header from C:\WINDOWS\SYSTEM32\dbghelp.dll
[0625/193636.102:ERROR:process_memory_win.cc(73)] ReadMemory at 0x7ffc11320000 of 64 bytes failed: ReadProcessMemory 또는 WriteProcessMemory의 일부 작업만을 마쳤습니다. (0x12B)
[0625/193636.102:WARNING:pe_image_reader.cc(340)] could not read dos header from C:\WINDOWS\SYSTEM32\WINHTTP.dll
[0625/193636.102:ERROR:process_memory_win.cc(73)] ReadMemory at 0x7ffc10f50000 of 64 bytes failed: ReadProcessMemory 또는 WriteProcessMemory의 일부 작업만을 마쳤습니다. (0x12B)
[0625/193636.102:WARNING:pe_image_reader.cc(340)] could not read dos header from C:\WINDOWS\SYSTEM32\dhcpcsvc.DLL
[0625/193636.102:ERROR:process_memory_win.cc(73)] ReadMemory at 0x7ffc17b50000 of 64 bytes failed: ReadProcessMemory 또는 WriteProcessMemory의 일부 작업만을 마쳤습니다. (0x12B)
[0625/193636.102:WARNING:pe_image_reader.cc(340)] could not read dos header from C:\WINDOWS\System32\NSI.dll
[0625/193636.102:ERROR:process_memory_win.cc(73)] ReadMemory at 0x7ffc13cb0000 of 64 bytes failed: ReadProcessMemory 또는 WriteProcessMemory의 일부 작업만을 마쳤습니다. (0x12B)
[0625/193636.103:WARNING:pe_image_reader.cc(340)] could not read dos header from C:\WINDOWS\SYSTEM32\WINMMBASE.dll
[0625/193636.103:ERROR:process_memory_win.cc(73)] ReadMemory at 0x7ffc175b0000 of 64 bytes failed: ReadProcessMemory 또는 WriteProcessMemory의 일부 작업만을 마쳤습니다. (0x12B)
[0625/193636.103:WARNING:pe_image_reader.cc(340)] could not read dos header from C:\WINDOWS\System32\cfgmgr32.dll
[0625/193636.103:ERROR:process_memory_win.cc(73)] ReadMemory at 0x7ffc138f0000 of 64 bytes failed: ReadProcessMemory 또는 WriteProcessMemory의 일부 작업만을 마쳤습니다. (0x12B)
[0625/193636.103:WARNING:pe_image_reader.cc(340)] could not read dos header from C:\WINDOWS\SYSTEM32\PROPSYS.dll
[0625/193636.103:ERROR:process_memory_win.cc(73)] ReadMemory at 0x7ffc186d0000 of 64 bytes failed: ReadProcessMemory 또는 WriteProcessMemory의 일부 작업만을 마쳤습니다. (0x12B)
[0625/193636.103:WARNING:pe_image_reader.cc(340)] could not read dos header from C:\WINDOWS\System32\shcore.dll
[0625/193636.103:ERROR:process_memory_win.cc(73)] ReadMemory at 0x7ffc16880000 of 64 bytes failed: ReadProcessMemory 또는 WriteProcessMemory의 일부 작업만을 마쳤습니다. (0x12B)
[0625/193636.103:WARNING:pe_image_reader.cc(340)] could not read dos header from C:\WINDOWS\SYSTEM32\SSPICLI.DLL
[0625/193636.103:ERROR:process_memory_win.cc(73)] ReadMemory at 0x7ffc18ec0000 of 64 bytes failed: ReadProcessMemory 또는 WriteProcessMemory의 일부 작업만을 마쳤습니다. (0x12B)
[0625/193636.103:WARNING:pe_image_reader.cc(340)] could not read dos header from C:\WINDOWS\System32\SHELL32.dll
[0625/193636.103:ERROR:process_memory_win.cc(73)] ReadMemory at 0x7ffc16dd0000 of 64 bytes failed: ReadProcessMemory 또는 WriteProcessMemory의 일부 작업만을 마쳤습니다. (0x12B)
[0625/193636.103:WARNING:pe_image_reader.cc(340)] could not read dos header from C:\WINDOWS\System32\windows.storage.dll
[0625/193636.103:ERROR:process_memory_win.cc(73)] ReadMemory at 0x7ffc169b0000 of 64 bytes failed: ReadProcessMemory 또는 WriteProcessMemory의 일부 작업만을 마쳤습니다. (0x12B)
[0625/193636.103:WARNING:pe_image_reader.cc(340)] could not read dos header from C:\WINDOWS\System32\powrprof.dll
[0625/193636.103:ERROR:process_memory_win.cc(73)] ReadMemory at 0x7ffc16960000 of 64 bytes failed: ReadProcessMemory 또는 WriteProcessMemory의 일부 작업만을 마쳤습니다. (0x12B)
[0625/193636.103:WARNING:pe_image_reader.cc(340)] could not read dos header from C:\WINDOWS\System32\UMPDC.dll
[0625/193636.103:ERROR:process_memory_win.cc(73)] ReadMemory at 0x7ffc18940000 of 64 bytes failed: ReadProcessMemory 또는 WriteProcessMemory의 일부 작업만을 마쳤습니다. (0x12B)
[0625/193636.103:WARNING:pe_image_reader.cc(340)] could not read dos header from C:\WINDOWS\System32\shlwapi.dll
[0625/193636.103:ERROR:process_memory_win.cc(73)] ReadMemory at 0x7ffc18e90000 of 64 bytes failed: ReadProcessMemory 또는 WriteProcessMemory의 일부 작업만을 마쳤습니다. (0x12B)
[0625/193636.103:WARNING:pe_image_reader.cc(340)] could not read dos header from C:\WINDOWS\System32\GDI32.dll
[0625/193636.103:ERROR:process_memory_win.cc(73)] ReadMemory at 0x7ffc17580000 of 64 bytes failed: ReadProcessMemory 또는 WriteProcessMemory의 일부 작업만을 마쳤습니다. (0x12B)
[0625/193636.103:WARNING:pe_image_reader.cc(340)] could not read dos header from C:\WINDOWS\System32\win32u.dll
[0625/193636.103:ERROR:process_memory_win.cc(73)] ReadMemory at 0x7ffc179b0000 of 64 bytes failed: ReadProcessMemory 또는 WriteProcessMemory의 일부 작업만을 마쳤습니다. (0x12B)
[0625/193636.103:WARNING:pe_image_reader.cc(340)] could not read dos header from C:\WINDOWS\System32\gdi32full.dll
[0625/193636.104:ERROR:process_memory_win.cc(73)] ReadMemory at 0x7ffc183f0000 of 64 bytes failed: ReadProcessMemory 또는 WriteProcessMemory의 일부 작업만을 마쳤습니다. (0x12B)
[0625/193636.104:WARNING:pe_image_reader.cc(340)] could not read dos header from C:\WINDOWS\System32\USER32.dll
[0625/193636.104:ERROR:process_memory_win.cc(73)] ReadMemory at 0x7ffc16d00000 of 64 bytes failed: ReadProcessMemory 또는 WriteProcessMemory의 일부 작업만을 마쳤습니다. (0x12B)
[0625/193636.104:WARNING:pe_image_reader.cc(340)] could not read dos header from C:\WINDOWS\System32\cryptsp.dll
[0625/193636.104:ERROR:process_memory_win.cc(73)] ReadMemory at 0x18ec5d60000 of 64 bytes failed: ReadProcessMemory 또는 WriteProcessMemory의 일부 작업만을 마쳤습니다. (0x12B)
[0625/193636.104:WARNING:pe_image_reader.cc(340)] could not read dos header from C:\WINDOWS\System32\IMM32.DLL
[0625/193636.104:ERROR:process_memory_win.cc(73)] ReadMemory at 0x7ffc16340000 of 64 bytes failed: ReadProcessMemory 또는 WriteProcessMemory의 일부 작업만을 마쳤습니다. (0x12B)
[0625/193636.104:WARNING:pe_image_reader.cc(340)] could not read dos header from C:\WINDOWS\SYSTEM32\CRYPTBASE.DLL
[0625/193636.119:ERROR:process_memory_win.cc(73)] ReadMemory at 0x7ff6afbb0000 of 64 bytes failed: ReadProcessMemory 또는 WriteProcessMemory의 일부 작업만을 마쳤습니다. (0x12B)
[0625/193636.119:WARNING:pe_image_reader.cc(340)] could not read dos header from C:\Program Files (x86)\Google\Chrome\Application\chrome.exe
[0625/193636.119:ERROR:process_memory_win.cc(73)] ReadMemory at 0x7ffc19aa0000 of 64 bytes failed: ReadProcessMemory 또는 WriteProcessMemory의 일부 작업만을 마쳤습니다. (0x12B)
[0625/193636.119:WARNING:pe_image_reader.cc(340)] could not read dos header from C:\WINDOWS\SYSTEM32\ntdll.dll
[0625/193636.119:ERROR:process_memory_win.cc(73)] ReadMemory at 0x7ffc17d50000 of 64 bytes failed: ReadProcessMemory 또는 WriteProcessMemory의 일부 작업만을 마쳤습니다. (0x12B)
[0625/193636.119:WARNING:pe_image_reader.cc(340)] could not read dos header from C:\WINDOWS\System32\KERNEL32.DLL
[0625/193636.119:ERROR:process_memory_win.cc(73)] ReadMemory at 0x7ffc17600000 of 64 bytes failed: ReadProcessMemory 또는 WriteProcessMemory의 일부 작업만을 마쳤습니다. (0x12B)
[0625/193636.120:WARNING:pe_image_reader.cc(340)] could not read dos header from C:\WINDOWS\System32\KERNELBASE.dll
[0625/193636.120:ERROR:process_memory_win.cc(73)] ReadMemory at 0x7ffbefb20000 of 64 bytes failed: ReadProcessMemory 또는 WriteProcessMemory의 일부 작업만을 마쳤습니다. (0x12B)
[0625/193636.120:WARNING:pe_image_reader.cc(340)] could not read dos header from C:\Program Files (x86)\Google\Chrome\Application\83.0.4103.116\chrome_elf.dll
[0625/193636.120:ERROR:process_memory_win.cc(73)] ReadMemory at 0x7ffc0ba30000 of 64 bytes failed: ReadProcessMemory 또는 WriteProcessMemory의 일부 작업만을 마쳤습니다. (0x12B)
[0625/193636.120:WARNING:pe_image_reader.cc(340)] could not read dos header from C:\WINDOWS\SYSTEM32\VERSION.dll
[0625/193636.120:ERROR:process_memory_win.cc(73)] ReadMemory at 0x7ffc17b60000 of 64 bytes failed: ReadProcessMemory 또는 WriteProcessMemory의 일부 작업만을 마쳤습니다. (0x12B)
[0625/193636.120:WARNING:pe_image_reader.cc(340)] could not read dos header from C:\WINDOWS\System32\msvcrt.dll
[0625/193636.120:ERROR:process_memory_win.cc(73)] ReadMemory at 0x7ffc16c80000 of 64 bytes failed: ReadProcessMemory 또는 WriteProcessMemory의 일부 작업만을 마쳤습니다. (0x12B)
[0625/193636.120:WARNING:pe_image_reader.cc(340)] could not read dos header from C:\WINDOWS\System32\bcryptPrimitives.dll
[0625/193636.120:ERROR:process_memory_win.cc(73)] ReadMemory at 0x7ffc18590000 of 64 bytes failed: ReadProcessMemory 또는 WriteProcessMemory의 일부 작업만을 마쳤습니다. (0x12B)
[0625/193636.120:WARNING:pe_image_reader.cc(340)] could not read dos header from C:\WINDOWS\System32\ADVAPI32.dll
[0625/193636.120:ERROR:process_memory_win.cc(73)] ReadMemory at 0x7ffc18010000 of 64 bytes failed: ReadProcessMemory 또는 WriteProcessMemory의 일부 작업만을 마쳤습니다. (0x12B)
[0625/193636.120:WARNING:pe_image_reader.cc(340)] could not read dos header from C:\WINDOWS\System32\sechost.dll
[0625/193636.120:ERROR:process_memory_win.cc(73)] ReadMemory at 0x7ffc17ef0000 of 64 bytes failed: ReadProcessMemory 또는 WriteProcessMemory의 일부 작업만을 마쳤습니다. (0x12B)
[0625/193636.120:WARNING:pe_image_reader.cc(340)] could not read dos header from C:\WINDOWS\System32\RPCRT4.dll
[0625/193636.120:ERROR:process_memory_win.cc(73)] ReadMemory at 0x7ffbcbed0000 of 64 bytes failed: ReadProcessMemory 또는 WriteProcessMemory의 일부 작업만을 마쳤습니다. (0x12B)
[0625/193636.120:WARNING:pe_image_reader.cc(340)] could not read dos header from C:\Program Files (x86)\Google\Chrome\Application\83.0.4103.116\chrome.dll
[0625/193636.120:ERROR:process_memory_win.cc(73)] ReadMemory at 0x7ffc189a0000 of 64 bytes failed: ReadProcessMemory 또는 WriteProcessMemory의 일부 작업만을 마쳤습니다. (0x12B)
[0625/193636.120:WARNING:pe_image_reader.cc(340)] could not read dos header from C:\WINDOWS\System32\WS2_32.dll
[0625/193636.120:ERROR:process_memory_win.cc(73)] ReadMemory at 0x7ffc19990000 of 64 bytes failed: ReadProcessMemory 또는 WriteProcessMemory의 일부 작업만을 마쳤습니다. (0x12B)
[0625/193636.120:WARNING:pe_image_reader.cc(340)] could not read dos header from C:\WINDOWS\System32\OLEAUT32.dll
[0625/193636.120:ERROR:process_memory_win.cc(73)] ReadMemory at 0x7ffc16a30000 of 64 bytes failed: ReadProcessMemory 또는 WriteProcessMemory의 일부 작업만을 마쳤습니다. (0x12B)
[0625/193636.120:WARNING:pe_image_reader.cc(340)] could not read dos header from C:\WINDOWS\System32\msvcp_win.dll
[0625/193636.121:ERROR:process_memory_win.cc(73)] ReadMemory at 0x7ffc178b0000 of 64 bytes failed: ReadProcessMemory 또는 WriteProcessMemory의 일부 작업만을 마쳤습니다. (0x12B)
[0625/193636.121:WARNING:pe_image_reader.cc(340)] could not read dos header from C:\WINDOWS\System32\ucrtbase.dll
[0625/193636.121:ERROR:process_memory_win.cc(73)] ReadMemory at 0x7ffc180b0000 of 64 bytes failed: ReadProcessMemory 또는 WriteProcessMemory의 일부 작업만을 마쳤습니다. (0x12B)
[0625/193636.121:WARNING:pe_image_reader.cc(340)] could not read dos header from C:\WINDOWS\System32\combase.dll
[0625/193636.121:ERROR:process_memory_win.cc(73)] ReadMemory at 0x7ffc16c20000 of 64 bytes failed: ReadProcessMemory 또는 WriteProcessMemory의 일부 작업만을 마쳤습니다. (0x12B)
[0625/193636.121:WARNING:pe_image_reader.cc(340)] could not read dos header from C:\WINDOWS\System32\WINTRUST.dll
[0625/193636.121:ERROR:process_memory_win.cc(73)] ReadMemory at 0x7ffc16990000 of 64 bytes failed: ReadProcessMemory 또는 WriteProcessMemory의 일부 작업만을 마쳤습니다. (0x12B)
[0625/193636.121:WARNING:pe_image_reader.cc(340)] could not read dos header from C:\WINDOWS\System32\MSASN1.dll
[0625/193636.121:ERROR:process_memory_win.cc(73)] ReadMemory at 0x7ffc16ad0000 of 64 bytes failed: ReadProcessMemory 또는 WriteProcessMemory의 일부 작업만을 마쳤습니다. (0x12B)
[0625/193636.121:WARNING:pe_image_reader.cc(340)] could not read dos header from C:\WINDOWS\System32\CRYPT32.dll
[0625/193636.121:ERROR:process_memory_win.cc(73)] ReadMemory at 0x7ffc15e80000 of 64 bytes failed: ReadProcessMemory 또는 WriteProcessMemory의 일부 작업만을 마쳤습니다. (0x12B)
[0625/193636.121:WARNING:pe_image_reader.cc(340)] could not read dos header from C:\WINDOWS\SYSTEM32\IPHLPAPI.DLL
[0625/193636.121:ERROR:process_memory_win.cc(73)] ReadMemory at 0x7ffc13ce0000 of 64 bytes failed: ReadProcessMemory 또는 WriteProcessMemory의 일부 작업만을 마쳤습니다. (0x12B)
[0625/193636.121:WARNING:pe_image_reader.cc(340)] could not read dos header from C:\WINDOWS\SYSTEM32\WINMM.dll
[0625/193636.121:ERROR:process_memory_win.cc(73)] ReadMemory at 0x7ffc06080000 of 64 bytes failed: ReadProcessMemory 또는 WriteProcessMemory의 일부 작업만을 마쳤습니다. (0x12B)
[0625/193636.121:WARNING:pe_image_reader.cc(340)] could not read dos header from C:\WINDOWS\SYSTEM32\Secur32.dll
[0625/193636.121:ERROR:process_memory_win.cc(73)] ReadMemory at 0x7ffc16850000 of 64 bytes failed: ReadProcessMemory 또는 WriteProcessMemory의 일부 작업만을 마쳤습니다. (0x12B)
[0625/193636.121:WARNING:pe_image_reader.cc(340)] could not read dos header from C:\WINDOWS\SYSTEM32\USERENV.dll
[0625/193636.121:ERROR:process_memory_win.cc(73)] ReadMemory at 0x7ffc16a00000 of 64 bytes failed: ReadProcessMemory 또는 WriteProcessMemory의 일부 작업만을 마쳤습니다. (0x12B)
[0625/193636.121:WARNING:pe_image_reader.cc(340)] could not read dos header from C:\WINDOWS\System32\profapi.dll
[0625/193636.121:ERROR:process_memory_win.cc(73)] ReadMemory at 0x7ffbf0450000 of 64 bytes failed: ReadProcessMemory 또는 WriteProcessMemory의 일부 작업만을 마쳤습니다. (0x12B)
[0625/193636.121:WARNING:pe_image_reader.cc(340)] could not read dos header from C:\WINDOWS\SYSTEM32\UIAutomationCore.DLL
[0625/193636.121:ERROR:process_memory_win.cc(73)] ReadMemory at 0x7ffc074b0000 of 64 bytes failed: ReadProcessMemory 또는 WriteProcessMemory의 일부 작업만을 마쳤습니다. (0x12B)
[0625/193636.121:WARNING:pe_image_reader.cc(340)] could not read dos header from C:\WINDOWS\SYSTEM32\DWrite.dll
[0625/193636.121:ERROR:process_memory_win.cc(73)] ReadMemory at 0x7ffc052b0000 of 64 bytes failed: ReadProcessMemory 또는 WriteProcessMemory의 일부 작업만을 마쳤습니다. (0x12B)
[0625/193636.122:WARNING:pe_image_reader.cc(340)] could not read dos header from C:\WINDOWS\SYSTEM32\WINSPOOL.DRV
[0625/193636.122:ERROR:process_memory_win.cc(73)] ReadMemory at 0x7ffc16970000 of 64 bytes failed: ReadProcessMemory 또는 WriteProcessMemory의 일부 작업만을 마쳤습니다. (0x12B)
[0625/193636.122:WARNING:pe_image_reader.cc(340)] could not read dos header from C:\WINDOWS\System32\kernel.appcore.dll
[0625/193636.122:ERROR:process_memory_win.cc(73)] ReadMemory at 0x7ffc17550000 of 64 bytes failed: ReadProcessMemory 또는 WriteProcessMemory의 일부 작업만을 마쳤습니다. (0x12B)
[0625/193636.122:WARNING:pe_image_reader.cc(340)] could not read dos header from C:\WINDOWS\System32\bcrypt.dll
[0625/193636.122:ERROR:process_memory_win.cc(73)] ReadMemory at 0x7ffc04b00000 of 64 bytes failed: ReadProcessMemory 또는 WriteProcessMemory의 일부 작업만을 마쳤습니다. (0x12B)
[0625/193636.122:WARNING:pe_image_reader.cc(340)] could not read dos header from C:\WINDOWS\SYSTEM32\dbghelp.dll
[0625/193636.122:ERROR:process_memory_win.cc(73)] ReadMemory at 0x7ffc11320000 of 64 bytes failed: ReadProcessMemory 또는 WriteProcessMemory의 일부 작업만을 마쳤습니다. (0x12B)
[0625/193636.122:WARNING:pe_image_reader.cc(340)] could not read dos header from C:\WINDOWS\SYSTEM32\WINHTTP.dll
[0625/193636.122:ERROR:process_memory_win.cc(73)] ReadMemory at 0x7ffc10f50000 of 64 bytes failed: ReadProcessMemory 또는 WriteProcessMemory의 일부 작업만을 마쳤습니다. (0x12B)
[0625/193636.122:WARNING:pe_image_reader.cc(340)] could not read dos header from C:\WINDOWS\SYSTEM32\dhcpcsvc.DLL
[0625/193636.122:ERROR:process_memory_win.cc(73)] ReadMemory at 0x7ffc17b50000 of 64 bytes failed: ReadProcessMemory 또는 WriteProcessMemory의 일부 작업만을 마쳤습니다. (0x12B)
[0625/193636.122:WARNING:pe_image_reader.cc(340)] could not read dos header from C:\WINDOWS\System32\NSI.dll
[0625/193636.122:ERROR:process_memory_win.cc(73)] ReadMemory at 0x7ffc13cb0000 of 64 bytes failed: ReadProcessMemory 또는 WriteProcessMemory의 일부 작업만을 마쳤습니다. (0x12B)
[0625/193636.122:WARNING:pe_image_reader.cc(340)] could not read dos header from C:\WINDOWS\SYSTEM32\WINMMBASE.dll
[0625/193636.122:ERROR:process_memory_win.cc(73)] ReadMemory at 0x7ffc175b0000 of 64 bytes failed: ReadProcessMemory 또는 WriteProcessMemory의 일부 작업만을 마쳤습니다. (0x12B)
[0625/193636.122:WARNING:pe_image_reader.cc(340)] could not read dos header from C:\WINDOWS\System32\cfgmgr32.dll
[0625/193636.122:ERROR:process_memory_win.cc(73)] ReadMemory at 0x7ffc138f0000 of 64 bytes failed: ReadProcessMemory 또는 WriteProcessMemory의 일부 작업만을 마쳤습니다. (0x12B)
[0625/193636.122:WARNING:pe_image_reader.cc(340)] could not read dos header from C:\WINDOWS\SYSTEM32\PROPSYS.dll
[0625/193636.122:ERROR:process_memory_win.cc(73)] ReadMemory at 0x7ffc186d0000 of 64 bytes failed: ReadProcessMemory 또는 WriteProcessMemory의 일부 작업만을 마쳤습니다. (0x12B)
[0625/193636.122:WARNING:pe_image_reader.cc(340)] could not read dos header from C:\WINDOWS\System32\shcore.dll
[0625/193636.122:ERROR:process_memory_win.cc(73)] ReadMemory at 0x7ffc16880000 of 64 bytes failed: ReadProcessMemory 또는 WriteProcessMemory의 일부 작업만을 마쳤습니다. (0x12B)
[0625/193636.122:WARNING:pe_image_reader.cc(340)] could not read dos header from C:\WINDOWS\SYSTEM32\SSPICLI.DLL
[0625/193636.122:ERROR:process_memory_win.cc(73)] ReadMemory at 0x7ffc18ec0000 of 64 bytes failed: ReadProcessMemory 또는 WriteProcessMemory의 일부 작업만을 마쳤습니다. (0x12B)
[0625/193636.122:WARNING:pe_image_reader.cc(340)] could not read dos header from C:\WINDOWS\System32\SHELL32.dll
[0625/193636.122:ERROR:process_memory_win.cc(73)] ReadMemory at 0x7ffc16dd0000 of 64 bytes failed: ReadProcessMemory 또는 WriteProcessMemory의 일부 작업만을 마쳤습니다. (0x12B)
[0625/193636.123:WARNING:pe_image_reader.cc(340)] could not read dos header from C:\WINDOWS\System32\windows.storage.dll
[0625/193636.123:ERROR:process_memory_win.cc(73)] ReadMemory at 0x7ffc169b0000 of 64 bytes failed: ReadProcessMemory 또는 WriteProcessMemory의 일부 작업만을 마쳤습니다. (0x12B)
[0625/193636.123:WARNING:pe_image_reader.cc(340)] could not read dos header from C:\WINDOWS\System32\powrprof.dll
[0625/193636.123:ERROR:process_memory_win.cc(73)] ReadMemory at 0x7ffc16960000 of 64 bytes failed: ReadProcessMemory 또는 WriteProcessMemory의 일부 작업만을 마쳤습니다. (0x12B)
[0625/193636.123:WARNING:pe_image_reader.cc(340)] could not read dos header from C:\WINDOWS\System32\UMPDC.dll
[0625/193636.123:ERROR:process_memory_win.cc(73)] ReadMemory at 0x7ffc18940000 of 64 bytes failed: ReadProcessMemory 또는 WriteProcessMemory의 일부 작업만을 마쳤습니다. (0x12B)
[0625/193636.123:WARNING:pe_image_reader.cc(340)] could not read dos header from C:\WINDOWS\System32\shlwapi.dll
[0625/193636.123:ERROR:process_memory_win.cc(73)] ReadMemory at 0x7ffc18e90000 of 64 bytes failed: ReadProcessMemory 또는 WriteProcessMemory의 일부 작업만을 마쳤습니다. (0x12B)
[0625/193636.123:WARNING:pe_image_reader.cc(340)] could not read dos header from C:\WINDOWS\System32\GDI32.dll
[0625/193636.123:ERROR:process_memory_win.cc(73)] ReadMemory at 0x7ffc17580000 of 64 bytes failed: ReadProcessMemory 또는 WriteProcessMemory의 일부 작업만을 마쳤습니다. (0x12B)
[0625/193636.123:WARNING:pe_image_reader.cc(340)] could not read dos header from C:\WINDOWS\System32\win32u.dll
[0625/193636.123:ERROR:process_memory_win.cc(73)] ReadMemory at 0x7ffc179b0000 of 64 bytes failed: ReadProcessMemory 또는 WriteProcessMemory의 일부 작업만을 마쳤습니다. (0x12B)
[0625/193636.123:WARNING:pe_image_reader.cc(340)] could not read dos header from C:\WINDOWS\System32\gdi32full.dll
[0625/193636.123:ERROR:process_memory_win.cc(73)] ReadMemory at 0x7ffc183f0000 of 64 bytes failed: ReadProcessMemory 또는 WriteProcessMemory의 일부 작업만을 마쳤습니다. (0x12B)
[0625/193636.123:WARNING:pe_image_reader.cc(340)] could not read dos header from C:\WINDOWS\System32\USER32.dll
[0625/193636.123:ERROR:process_memory_win.cc(73)] ReadMemory at 0x7ffc16d00000 of 64 bytes failed: ReadProcessMemory 또는 WriteProcessMemory의 일부 작업만을 마쳤습니다. (0x12B)
[0625/193636.123:WARNING:pe_image_reader.cc(340)] could not read dos header from C:\WINDOWS\System32\cryptsp.dll
[0625/193636.123:ERROR:process_memory_win.cc(73)] ReadMemory at 0x18ec5d60000 of 64 bytes failed: ReadProcessMemory 또는 WriteProcessMemory의 일부 작업만을 마쳤습니다. (0x12B)
[0625/193636.123:WARNING:pe_image_reader.cc(340)] could not read dos header from C:\WINDOWS\System32\IMM32.DLL
[0625/193636.123:ERROR:process_memory_win.cc(73)] ReadMemory at 0x7ffc16340000 of 64 bytes failed: ReadProcessMemory 또는 WriteProcessMemory의 일부 작업만을 마쳤습니다. (0x12B)
[0625/193636.123:WARNING:pe_image_reader.cc(340)] could not read dos header from C:\WINDOWS\SYSTEM32\CRYPTBASE.DLL
[0625/193636.123:ERROR:process_memory_win.cc(73)] ReadMemory at 0x7ff6afbb0000 of 64 bytes failed: ReadProcessMemory 또는 WriteProcessMemory의 일부 작업만을 마쳤습니다. (0x12B)
[0625/193636.123:WARNING:pe_image_reader.cc(340)] could not read dos header from C:\Program Files (x86)\Google\Chrome\Application\chrome.exe
[0625/193636.124:ERROR:process_memory_win.cc(73)] ReadMemory at 0x7ffc19aa0000 of 64 bytes failed: ReadProcessMemory 또는 WriteProcessMemory의 일부 작업만을 마쳤습니다. (0x12B)
[0625/193636.124:WARNING:pe_image_reader.cc(340)] could not read dos header from C:\WINDOWS\SYSTEM32\ntdll.dll
[0625/193636.124:ERROR:process_memory_win.cc(73)] ReadMemory at 0x7ffc17d50000 of 64 bytes failed: ReadProcessMemory 또는 WriteProcessMemory의 일부 작업만을 마쳤습니다. (0x12B)
[0625/193636.124:WARNING:pe_image_reader.cc(340)] could not read dos header from C:\WINDOWS\System32\KERNEL32.DLL
[0625/193636.124:ERROR:process_memory_win.cc(73)] ReadMemory at 0x7ffc17600000 of 64 bytes failed: ReadProcessMemory 또는 WriteProcessMemory의 일부 작업만을 마쳤습니다. (0x12B)
[0625/193636.124:WARNING:pe_image_reader.cc(340)] could not read dos header from C:\WINDOWS\System32\KERNELBASE.dll
[0625/193636.124:ERROR:process_memory_win.cc(73)] ReadMemory at 0x7ffbefb20000 of 64 bytes failed: ReadProcessMemory 또는 WriteProcessMemory의 일부 작업만을 마쳤습니다. (0x12B)
[0625/193636.124:WARNING:pe_image_reader.cc(340)] could not read dos header from C:\Program Files (x86)\Google\Chrome\Application\83.0.4103.116\chrome_elf.dll
[0625/193636.124:ERROR:process_memory_win.cc(73)] ReadMemory at 0x7ffc0ba30000 of 64 bytes failed: ReadProcessMemory 또는 WriteProcessMemory의 일부 작업만을 마쳤습니다. (0x12B)
[0625/193636.124:WARNING:pe_image_reader.cc(340)] could not read dos header from C:\WINDOWS\SYSTEM32\VERSION.dll
[0625/193636.124:ERROR:process_memory_win.cc(73)] ReadMemory at 0x7ffc17b60000 of 64 bytes failed: ReadProcessMemory 또는 WriteProcessMemory의 일부 작업만을 마쳤습니다. (0x12B)
[0625/193636.124:WARNING:pe_image_reader.cc(340)] could not read dos header from C:\WINDOWS\System32\msvcrt.dll
[0625/193636.124:ERROR:process_memory_win.cc(73)] ReadMemory at 0x7ffc16c80000 of 64 bytes failed: ReadProcessMemory 또는 WriteProcessMemory의 일부 작업만을 마쳤습니다. (0x12B)
[0625/193636.124:WARNING:pe_image_reader.cc(340)] could not read dos header from C:\WINDOWS\System32\bcryptPrimitives.dll
[0625/193636.124:ERROR:process_memory_win.cc(73)] ReadMemory at 0x7ffc18590000 of 64 bytes failed: ReadProcessMemory 또는 WriteProcessMemory의 일부 작업만을 마쳤습니다. (0x12B)
[0625/193636.124:WARNING:pe_image_reader.cc(340)] could not read dos header from C:\WINDOWS\System32\ADVAPI32.dll
[0625/193636.124:ERROR:process_memory_win.cc(73)] ReadMemory at 0x7ffc18010000 of 64 bytes failed: ReadProcessMemory 또는 WriteProcessMemory의 일부 작업만을 마쳤습니다. (0x12B)
[0625/193636.124:WARNING:pe_image_reader.cc(340)] could not read dos header from C:\WINDOWS\System32\sechost.dll
[0625/193636.124:ERROR:process_memory_win.cc(73)] ReadMemory at 0x7ffc17ef0000 of 64 bytes failed: ReadProcessMemory 또는 WriteProcessMemory의 일부 작업만을 마쳤습니다. (0x12B)
[0625/193636.124:WARNING:pe_image_reader.cc(340)] could not read dos header from C:\WINDOWS\System32\RPCRT4.dll
[0625/193636.124:ERROR:process_memory_win.cc(73)] ReadMemory at 0x7ffbcbed0000 of 64 bytes failed: ReadProcessMemory 또는 WriteProcessMemory의 일부 작업만을 마쳤습니다. (0x12B)
[0625/193636.124:WARNING:pe_image_reader.cc(340)] could not read dos header from C:\Program Files (x86)\Google\Chrome\Application\83.0.4103.116\chrome.dll
[0625/193636.124:ERROR:process_memory_win.cc(73)] ReadMemory at 0x7ffc189a0000 of 64 bytes failed: ReadProcessMemory 또는 WriteProcessMemory의 일부 작업만을 마쳤습니다. (0x12B)
[0625/193636.124:WARNING:pe_image_reader.cc(340)] could not read dos header from C:\WINDOWS\System32\WS2_32.dll
[0625/193636.124:ERROR:process_memory_win.cc(73)] ReadMemory at 0x7ffc19990000 of 64 bytes failed: ReadProcessMemory 또는 WriteProcessMemory의 일부 작업만을 마쳤습니다. (0x12B)
[0625/193636.125:WARNING:pe_image_reader.cc(340)] could not read dos header from C:\WINDOWS\System32\OLEAUT32.dll
[0625/193636.125:ERROR:process_memory_win.cc(73)] ReadMemory at 0x7ffc16a30000 of 64 bytes failed: ReadProcessMemory 또는 WriteProcessMemory의 일부 작업만을 마쳤습니다. (0x12B)
[0625/193636.125:WARNING:pe_image_reader.cc(340)] could not read dos header from C:\WINDOWS\System32\msvcp_win.dll
[0625/193636.125:ERROR:process_memory_win.cc(73)] ReadMemory at 0x7ffc178b0000 of 64 bytes failed: ReadProcessMemory 또는 WriteProcessMemory의 일부 작업만을 마쳤습니다. (0x12B)
[0625/193636.125:WARNING:pe_image_reader.cc(340)] could not read dos header from C:\WINDOWS\System32\ucrtbase.dll
[0625/193636.125:ERROR:process_memory_win.cc(73)] ReadMemory at 0x7ffc180b0000 of 64 bytes failed: ReadProcessMemory 또는 WriteProcessMemory의 일부 작업만을 마쳤습니다. (0x12B)
[0625/193636.125:WARNING:pe_image_reader.cc(340)] could not read dos header from C:\WINDOWS\System32\combase.dll
[0625/193636.125:ERROR:process_memory_win.cc(73)] ReadMemory at 0x7ffc16c20000 of 64 bytes failed: ReadProcessMemory 또는 WriteProcessMemory의 일부 작업만을 마쳤습니다. (0x12B)
[0625/193636.125:WARNING:pe_image_reader.cc(340)] could not read dos header from C:\WINDOWS\System32\WINTRUST.dll
[0625/193636.125:ERROR:process_memory_win.cc(73)] ReadMemory at 0x7ffc16990000 of 64 bytes failed: ReadProcessMemory 또는 WriteProcessMemory의 일부 작업만을 마쳤습니다. (0x12B)
[0625/193636.125:WARNING:pe_image_reader.cc(340)] could not read dos header from C:\WINDOWS\System32\MSASN1.dll
[0625/193636.125:ERROR:process_memory_win.cc(73)] ReadMemory at 0x7ffc16ad0000 of 64 bytes failed: ReadProcessMemory 또는 WriteProcessMemory의 일부 작업만을 마쳤습니다. (0x12B)
[0625/193636.125:WARNING:pe_image_reader.cc(340)] could not read dos header from C:\WINDOWS\System32\CRYPT32.dll
[0625/193636.125:ERROR:process_memory_win.cc(73)] ReadMemory at 0x7ffc15e80000 of 64 bytes failed: ReadProcessMemory 또는 WriteProcessMemory의 일부 작업만을 마쳤습니다. (0x12B)
[0625/193636.125:WARNING:pe_image_reader.cc(340)] could not read dos header from C:\WINDOWS\SYSTEM32\IPHLPAPI.DLL
[0625/193636.125:ERROR:process_memory_win.cc(73)] ReadMemory at 0x7ffc13ce0000 of 64 bytes failed: ReadProcessMemory 또는 WriteProcessMemory의 일부 작업만을 마쳤습니다. (0x12B)
[0625/193636.125:WARNING:pe_image_reader.cc(340)] could not read dos header from C:\WINDOWS\SYSTEM32\WINMM.dll
[0625/193636.125:ERROR:process_memory_win.cc(73)] ReadMemory at 0x7ffc06080000 of 64 bytes failed: ReadProcessMemory 또는 WriteProcessMemory의 일부 작업만을 마쳤습니다. (0x12B)
[0625/193636.125:WARNING:pe_image_reader.cc(340)] could not read dos header from C:\WINDOWS\SYSTEM32\Secur32.dll
[0625/193636.125:ERROR:process_memory_win.cc(73)] ReadMemory at 0x7ffc16850000 of 64 bytes failed: ReadProcessMemory 또는 WriteProcessMemory의 일부 작업만을 마쳤습니다. (0x12B)
[0625/193636.125:WARNING:pe_image_reader.cc(340)] could not read dos header from C:\WINDOWS\SYSTEM32\USERENV.dll
[0625/193636.125:ERROR:process_memory_win.cc(73)] ReadMemory at 0x7ffc16a00000 of 64 bytes failed: ReadProcessMemory 또는 WriteProcessMemory의 일부 작업만을 마쳤습니다. (0x12B)
[0625/193636.125:WARNING:pe_image_reader.cc(340)] could not read dos header from C:\WINDOWS\System32\profapi.dll
[0625/193636.125:ERROR:process_memory_win.cc(73)] ReadMemory at 0x7ffbf0450000 of 64 bytes failed: ReadProcessMemory 또는 WriteProcessMemory의 일부 작업만을 마쳤습니다. (0x12B)
[0625/193636.125:WARNING:pe_image_reader.cc(340)] could not read dos header from C:\WINDOWS\SYSTEM32\UIAutomationCore.DLL
[0625/193636.125:ERROR:process_memory_win.cc(73)] ReadMemory at 0x7ffc074b0000 of 64 bytes failed: ReadProcessMemory 또는 WriteProcessMemory의 일부 작업만을 마쳤습니다. (0x12B)
[0625/193636.126:WARNING:pe_image_reader.cc(340)] could not read dos header from C:\WINDOWS\SYSTEM32\DWrite.dll
[0625/193636.126:ERROR:process_memory_win.cc(73)] ReadMemory at 0x7ffc052b0000 of 64 bytes failed: ReadProcessMemory 또는 WriteProcessMemory의 일부 작업만을 마쳤습니다. (0x12B)
[0625/193636.126:WARNING:pe_image_reader.cc(340)] could not read dos header from C:\WINDOWS\SYSTEM32\WINSPOOL.DRV
[0625/193636.126:ERROR:process_memory_win.cc(73)] ReadMemory at 0x7ffc16970000 of 64 bytes failed: ReadProcessMemory 또는 WriteProcessMemory의 일부 작업만을 마쳤습니다. (0x12B)
[0625/193636.126:WARNING:pe_image_reader.cc(340)] could not read dos header from C:\WINDOWS\System32\kernel.appcore.dll
[0625/193636.126:ERROR:process_memory_win.cc(73)] ReadMemory at 0x7ffc17550000 of 64 bytes failed: ReadProcessMemory 또는 WriteProcessMemory의 일부 작업만을 마쳤습니다. (0x12B)
[0625/193636.126:WARNING:pe_image_reader.cc(340)] could not read dos header from C:\WINDOWS\System32\bcrypt.dll
[0625/193636.126:ERROR:process_memory_win.cc(73)] ReadMemory at 0x7ffc04b00000 of 64 bytes failed: ReadProcessMemory 또는 WriteProcessMemory의 일부 작업만을 마쳤습니다. (0x12B)
[0625/193636.126:WARNING:pe_image_reader.cc(340)] could not read dos header from C:\WINDOWS\SYSTEM32\dbghelp.dll
[0625/193636.126:ERROR:process_memory_win.cc(73)] ReadMemory at 0x7ffc11320000 of 64 bytes failed: ReadProcessMemory 또는 WriteProcessMemory의 일부 작업만을 마쳤습니다. (0x12B)
[0625/193636.126:WARNING:pe_image_reader.cc(340)] could not read dos header from C:\WINDOWS\SYSTEM32\WINHTTP.dll
[0625/193636.126:ERROR:process_memory_win.cc(73)] ReadMemory at 0x7ffc10f50000 of 64 bytes failed: ReadProcessMemory 또는 WriteProcessMemory의 일부 작업만을 마쳤습니다. (0x12B)
[0625/193636.126:WARNING:pe_image_reader.cc(340)] could not read dos header from C:\WINDOWS\SYSTEM32\dhcpcsvc.DLL
[0625/193636.126:ERROR:process_memory_win.cc(73)] ReadMemory at 0x7ffc17b50000 of 64 bytes failed: ReadProcessMemory 또는 WriteProcessMemory의 일부 작업만을 마쳤습니다. (0x12B)
[0625/193636.126:WARNING:pe_image_reader.cc(340)] could not read dos header from C:\WINDOWS\System32\NSI.dll
[0625/193636.126:ERROR:process_memory_win.cc(73)] ReadMemory at 0x7ffc13cb0000 of 64 bytes failed: ReadProcessMemory 또는 WriteProcessMemory의 일부 작업만을 마쳤습니다. (0x12B)
[0625/193636.126:WARNING:pe_image_reader.cc(340)] could not read dos header from C:\WINDOWS\SYSTEM32\WINMMBASE.dll
[0625/193636.126:ERROR:process_memory_win.cc(73)] ReadMemory at 0x7ffc175b0000 of 64 bytes failed: ReadProcessMemory 또는 WriteProcessMemory의 일부 작업만을 마쳤습니다. (0x12B)
[0625/193636.126:WARNING:pe_image_reader.cc(340)] could not read dos header from C:\WINDOWS\System32\cfgmgr32.dll
[0625/193636.126:ERROR:process_memory_win.cc(73)] ReadMemory at 0x7ffc138f0000 of 64 bytes failed: ReadProcessMemory 또는 WriteProcessMemory의 일부 작업만을 마쳤습니다. (0x12B)
[0625/193636.126:WARNING:pe_image_reader.cc(340)] could not read dos header from C:\WINDOWS\SYSTEM32\PROPSYS.dll
[0625/193636.126:ERROR:process_memory_win.cc(73)] ReadMemory at 0x7ffc186d0000 of 64 bytes failed: ReadProcessMemory 또는 WriteProcessMemory의 일부 작업만을 마쳤습니다. (0x12B)
[0625/193636.126:WARNING:pe_image_reader.cc(340)] could not read dos header from C:\WINDOWS\System32\shcore.dll
[0625/193636.126:ERROR:process_memory_win.cc(73)] ReadMemory at 0x7ffc16880000 of 64 bytes failed: ReadProcessMemory 또는 WriteProcessMemory의 일부 작업만을 마쳤습니다. (0x12B)
[0625/193636.126:WARNING:pe_image_reader.cc(340)] could not read dos header from C:\WINDOWS\SYSTEM32\SSPICLI.DLL
[0625/193636.126:ERROR:process_memory_win.cc(73)] ReadMemory at 0x7ffc18ec0000 of 64 bytes failed: ReadProcessMemory 또는 WriteProcessMemory의 일부 작업만을 마쳤습니다. (0x12B)
[0625/193636.127:WARNING:pe_image_reader.cc(340)] could not read dos header from C:\WINDOWS\System32\SHELL32.dll
[0625/193636.127:ERROR:process_memory_win.cc(73)] ReadMemory at 0x7ffc16dd0000 of 64 bytes failed: ReadProcessMemory 또는 WriteProcessMemory의 일부 작업만을 마쳤습니다. (0x12B)
[0625/193636.127:WARNING:pe_image_reader.cc(340)] could not read dos header from C:\WINDOWS\System32\windows.storage.dll
[0625/193636.127:ERROR:process_memory_win.cc(73)] ReadMemory at 0x7ffc169b0000 of 64 bytes failed: ReadProcessMemory 또는 WriteProcessMemory의 일부 작업만을 마쳤습니다. (0x12B)
[0625/193636.127:WARNING:pe_image_reader.cc(340)] could not read dos header from C:\WINDOWS\System32\powrprof.dll
[0625/193636.127:ERROR:process_memory_win.cc(73)] ReadMemory at 0x7ffc16960000 of 64 bytes failed: ReadProcessMemory 또는 WriteProcessMemory의 일부 작업만을 마쳤습니다. (0x12B)
[0625/193636.127:WARNING:pe_image_reader.cc(340)] could not read dos header from C:\WINDOWS\System32\UMPDC.dll
[0625/193636.127:ERROR:process_memory_win.cc(73)] ReadMemory at 0x7ffc18940000 of 64 bytes failed: ReadProcessMemory 또는 WriteProcessMemory의 일부 작업만을 마쳤습니다. (0x12B)
[0625/193636.127:WARNING:pe_image_reader.cc(340)] could not read dos header from C:\WINDOWS\System32\shlwapi.dll
[0625/193636.127:ERROR:process_memory_win.cc(73)] ReadMemory at 0x7ffc18e90000 of 64 bytes failed: ReadProcessMemory 또는 WriteProcessMemory의 일부 작업만을 마쳤습니다. (0x12B)
[0625/193636.127:WARNING:pe_image_reader.cc(340)] could not read dos header from C:\WINDOWS\System32\GDI32.dll
[0625/193636.127:ERROR:process_memory_win.cc(73)] ReadMemory at 0x7ffc17580000 of 64 bytes failed: ReadProcessMemory 또는 WriteProcessMemory의 일부 작업만을 마쳤습니다. (0x12B)
[0625/193636.127:WARNING:pe_image_reader.cc(340)] could not read dos header from C:\WINDOWS\System32\win32u.dll
[0625/193636.127:ERROR:process_memory_win.cc(73)] ReadMemory at 0x7ffc179b0000 of 64 bytes failed: ReadProcessMemory 또는 WriteProcessMemory의 일부 작업만을 마쳤습니다. (0x12B)
[0625/193636.127:WARNING:pe_image_reader.cc(340)] could not read dos header from C:\WINDOWS\System32\gdi32full.dll
[0625/193636.127:ERROR:process_memory_win.cc(73)] ReadMemory at 0x7ffc183f0000 of 64 bytes failed: ReadProcessMemory 또는 WriteProcessMemory의 일부 작업만을 마쳤습니다. (0x12B)
[0625/193636.127:WARNING:pe_image_reader.cc(340)] could not read dos header from C:\WINDOWS\System32\USER32.dll
[0625/193636.127:ERROR:process_memory_win.cc(73)] ReadMemory at 0x7ffc16d00000 of 64 bytes failed: ReadProcessMemory 또는 WriteProcessMemory의 일부 작업만을 마쳤습니다. (0x12B)
[0625/193636.127:WARNING:pe_image_reader.cc(340)] could not read dos header from C:\WINDOWS\System32\cryptsp.dll
[0625/193636.127:ERROR:process_memory_win.cc(73)] ReadMemory at 0x18ec5d60000 of 64 bytes failed: ReadProcessMemory 또는 WriteProcessMemory의 일부 작업만을 마쳤습니다. (0x12B)
[0625/193636.128:WARNING:pe_image_reader.cc(340)] could not read dos header from C:\WINDOWS\System32\IMM32.DLL
[0625/193636.128:ERROR:process_memory_win.cc(73)] ReadMemory at 0x7ffc16340000 of 64 bytes failed: ReadProcessMemory 또는 WriteProcessMemory의 일부 작업만을 마쳤습니다. (0x12B)
[0625/193636.128:WARNING:pe_image_reader.cc(340)] could not read dos header from C:\WINDOWS\SYSTEM32\CRYPTBASE.DLL
[0625/193636.212:ERROR:process_memory_win.cc(73)] ReadMemory at 0x6ef9fe8000 of 98304 bytes failed: ReadProcessMemory 또는 WriteProcessMemory의 일부 작업만을 마쳤습니다. (0x12B)
[0625/193636.212:ERROR:process_memory_win.cc(73)] ReadMemory at 0x6efa7fd000 of 12288 bytes failed: ReadProcessMemory 또는 WriteProcessMemory의 일부 작업만을 마쳤습니다. (0x12B)
[0625/193636.212:ERROR:process_memory_win.cc(73)] ReadMemory at 0x6efb7fd000 of 12288 bytes failed: ReadProcessMemory 또는 WriteProcessMemory의 일부 작업만을 마쳤습니다. (0x12B)
[0625/193636.212:ERROR:process_memory_win.cc(73)] ReadMemory at 0x6efbffb000 of 20480 bytes failed: ReadProcessMemory 또는 WriteProcessMemory의 일부 작업만을 마쳤습니다. (0x12B)
[0625/193636.212:ERROR:process_memory_win.cc(73)] ReadMemory at 0x6efc7fe000 of 8192 bytes failed: ReadProcessMemory 또는 WriteProcessMemory의 일부 작업만을 마쳤습니다. (0x12B)
[0625/193636.213:ERROR:process_memory_win.cc(73)] ReadMemory at 0x6efcffd000 of 12288 bytes failed: ReadProcessMemory 또는 WriteProcessMemory의 일부 작업만을 마쳤습니다. (0x12B)
[0625/193636.213:ERROR:process_memory_win.cc(73)] ReadMemory at 0x6efd7fb000 of 20480 bytes failed: ReadProcessMemory 또는 WriteProcessMemory의 일부 작업만을 마쳤습니다. (0x12B)
[0625/193636.213:ERROR:process_memory_win.cc(73)] ReadMemory at 0x6efe7fd000 of 12288 bytes failed: ReadProcessMemory 또는 WriteProcessMemory의 일부 작업만을 마쳤습니다. (0x12B)
[0625/193636.213:ERROR:process_memory_win.cc(73)] ReadMemory at 0x6efeff5000 of 45056 bytes failed: ReadProcessMemory 또는 WriteProcessMemory의 일부 작업만을 마쳤습니다. (0x12B)
[0625/193636.213:ERROR:process_memory_win.cc(73)] ReadMemory at 0x6eff7f6000 of 40960 bytes failed: ReadProcessMemory 또는 WriteProcessMemory의 일부 작업만을 마쳤습니다. (0x12B)
[0625/193636.213:ERROR:process_memory_win.cc(73)] ReadMemory at 0x6effffc000 of 16384 bytes failed: ReadProcessMemory 또는 WriteProcessMemory의 일부 작업만을 마쳤습니다. (0x12B)
[0625/193636.213:ERROR:process_memory_win.cc(73)] ReadMemory at 0x6e81ffd000 of 12288 bytes failed: ReadProcessMemory 또는 WriteProcessMemory의 일부 작업만을 마쳤습니다. (0x12B)
[0625/193636.213:ERROR:process_memory_win.cc(73)] ReadMemory at 0x6e827fc000 of 16384 bytes failed: ReadProcessMemory 또는 WriteProcessMemory의 일부 작업만을 마쳤습니다. (0x12B)
[0625/193636.213:ERROR:process_memory_win.cc(73)] ReadMemory at 0x6e807ff000 of 4096 bytes failed: ReadProcessMemory 또는 WriteProcessMemory의 일부 작업만을 마쳤습니다. (0x12B)
[0625/193636.213:ERROR:process_memory_win.cc(73)] ReadMemory at 0x6e80ffd000 of 12288 bytes failed: ReadProcessMemory 또는 WriteProcessMemory의 일부 작업만을 마쳤습니다. (0x12B)
[0625/193636.214:ERROR:process_memory_win.cc(73)] ReadMemory at 0x6ef9744000 of 852 bytes failed: ReadProcessMemory 또는 WriteProcessMemory의 일부 작업만을 마쳤습니다. (0x12B)
[0625/193636.214:ERROR:process_memory_win.cc(73)] ReadMemory at 0x6ef9745000 of 6024 bytes failed: ReadProcessMemory 또는 WriteProcessMemory의 일부 작업만을 마쳤습니다. (0x12B)
[0625/193636.214:ERROR:process_memory_win.cc(73)] ReadMemory at 0x6ef9747000 of 6024 bytes failed: ReadProcessMemory 또는 WriteProcessMemory의 일부 작업만을 마쳤습니다. (0x12B)
[0625/193636.214:ERROR:process_memory_win.cc(73)] ReadMemory at 0x6ef974b000 of 6024 bytes failed: ReadProcessMemory 또는 WriteProcessMemory의 일부 작업만을 마쳤습니다. (0x12B)
[0625/193636.214:ERROR:process_memory_win.cc(73)] ReadMemory at 0x6ef974d000 of 6024 bytes failed: ReadProcessMemory 또는 WriteProcessMemory의 일부 작업만을 마쳤습니다. (0x12B)
[0625/193636.214:ERROR:process_memory_win.cc(73)] ReadMemory at 0x6ef974f000 of 6024 bytes failed: ReadProcessMemory 또는 WriteProcessMemory의 일부 작업만을 마쳤습니다. (0x12B)
[0625/193636.214:ERROR:process_memory_win.cc(73)] ReadMemory at 0x6ef9751000 of 6024 bytes failed: ReadProcessMemory 또는 WriteProcessMemory의 일부 작업만을 마쳤습니다. (0x12B)
[0625/193636.214:ERROR:process_memory_win.cc(73)] ReadMemory at 0x6ef9753000 of 6024 bytes failed: ReadProcessMemory 또는 WriteProcessMemory의 일부 작업만을 마쳤습니다. (0x12B)
[0625/193636.214:ERROR:process_memory_win.cc(73)] ReadMemory at 0x6ef9757000 of 6024 bytes failed: ReadProcessMemory 또는 WriteProcessMemory의 일부 작업만을 마쳤습니다. (0x12B)
[0625/193636.214:ERROR:process_memory_win.cc(73)] ReadMemory at 0x6ef9759000 of 6024 bytes failed: ReadProcessMemory 또는 WriteProcessMemory의 일부 작업만을 마쳤습니다. (0x12B)
[0625/193636.214:ERROR:process_memory_win.cc(73)] ReadMemory at 0x6ef975b000 of 6024 bytes failed: ReadProcessMemory 또는 WriteProcessMemory의 일부 작업만을 마쳤습니다. (0x12B)
[0625/193636.214:ERROR:process_memory_win.cc(73)] ReadMemory at 0x6ef975d000 of 6024 bytes failed: ReadProcessMemory 또는 WriteProcessMemory의 일부 작업만을 마쳤습니다. (0x12B)
[0625/193636.215:ERROR:process_memory_win.cc(73)] ReadMemory at 0x6ef9767000 of 6024 bytes failed: ReadProcessMemory 또는 WriteProcessMemory의 일부 작업만을 마쳤습니다. (0x12B)
[0625/193636.215:ERROR:process_memory_win.cc(73)] ReadMemory at 0x6ef97ab000 of 6024 bytes failed: ReadProcessMemory 또는 WriteProcessMemory의 일부 작업만을 마쳤습니다. (0x12B)
[0625/193636.215:ERROR:process_memory_win.cc(73)] ReadMemory at 0x6ef97bd000 of 6024 bytes failed: ReadProcessMemory 또는 WriteProcessMemory의 일부 작업만을 마쳤습니다. (0x12B)
[0625/193636.215:ERROR:process_memory_win.cc(73)] ReadMemory at 0x6ef97bf000 of 6024 bytes failed: ReadProcessMemory 또는 WriteProcessMemory의 일부 작업만을 마쳤습니다. (0x12B)
[0625/193636.215:ERROR:process_memory_win.cc(73)] ReadMemory at 0x18ec55c0000 of 384 bytes failed: ReadProcessMemory 또는 WriteProcessMemory의 일부 작업만을 마쳤습니다. (0x12B)
[0625/193636.215:ERROR:process_memory_win.cc(73)] ReadMemory at 0x18ec55c0ad0 of 512 bytes failed: ReadProcessMemory 또는 WriteProcessMemory의 일부 작업만을 마쳤습니다. (0x12B)
[0625/193636.215:ERROR:process_memory_win.cc(73)] ReadMemory at 0x18ec55c0fe0 of 6622 bytes failed: ReadProcessMemory 또는 WriteProcessMemory의 일부 작업만을 마쳤습니다. (0x12B)
[0625/193636.215:ERROR:process_memory_win.cc(73)] ReadMemory at 0x18ec55c29d0 of 1012 bytes failed: ReadProcessMemory 또는 WriteProcessMemory의 일부 작업만을 마쳤습니다. (0x12B)
[0625/193636.215:ERROR:process_memory_win.cc(73)] ReadMemory at 0x18ec55c3018 of 118 bytes failed: ReadProcessMemory 또는 WriteProcessMemory의 일부 작업만을 마쳤습니다. (0x12B)
[0625/193636.215:ERROR:process_memory_win.cc(73)] ReadMemory at 0x18ec55c3090 of 1248 bytes failed: ReadProcessMemory 또는 WriteProcessMemory의 일부 작업만을 마쳤습니다. (0x12B)
[0625/193636.216:ERROR:process_memory_win.cc(73)] ReadMemory at 0x18ec55c3572 of 118 bytes failed: ReadProcessMemory 또는 WriteProcessMemory의 일부 작업만을 마쳤습니다. (0x12B)
[0625/193636.216:ERROR:process_memory_win.cc(73)] ReadMemory at 0x18ec55c35ea of 100 bytes failed: ReadProcessMemory 또는 WriteProcessMemory의 일부 작업만을 마쳤습니다. (0x12B)
[0625/193636.216:ERROR:process_memory_win.cc(73)] ReadMemory at 0x18ec55c3660 of 58 bytes failed: ReadProcessMemory 또는 WriteProcessMemory의 일부 작업만을 마쳤습니다. (0x12B)
[0625/193636.216:ERROR:process_memory_win.cc(73)] ReadMemory at 0x18ec55c3760 of 132 bytes failed: ReadProcessMemory 또는 WriteProcessMemory의 일부 작업만을 마쳤습니다. (0x12B)
[0625/193636.216:ERROR:process_memory_win.cc(73)] ReadMemory at 0x18ec55c38f0 of 132 bytes failed: ReadProcessMemory 또는 WriteProcessMemory의 일부 작업만을 마쳤습니다. (0x12B)
[0625/193636.216:ERROR:process_memory_win.cc(73)] ReadMemory at 0x18ec55c3ab0 of 126 bytes failed: ReadProcessMemory 또는 WriteProcessMemory의 일부 작업만을 마쳤습니다. (0x12B)
[0625/193636.216:ERROR:process_memory_win.cc(73)] ReadMemory at 0x18ec55c3e90 of 132 bytes failed: ReadProcessMemory 또는 WriteProcessMemory의 일부 작업만을 마쳤습니다. (0x12B)
[0625/193636.216:ERROR:process_memory_win.cc(73)] ReadMemory at 0x18ec55c4030 of 64 bytes failed: ReadProcessMemory 또는 WriteProcessMemory의 일부 작업만을 마쳤습니다. (0x12B)
[0625/193636.216:ERROR:process_memory_win.cc(73)] ReadMemory at 0x18ec55c41f0 of 132 bytes failed: ReadProcessMemory 또는 WriteProcessMemory의 일부 작업만을 마쳤습니다. (0x12B)
[0625/193636.216:ERROR:process_memory_win.cc(73)] ReadMemory at 0x18ec55c4490 of 132 bytes failed: ReadProcessMemory 또는 WriteProcessMemory의 일부 작업만을 마쳤습니다. (0x12B)
[0625/193636.216:ERROR:process_memory_win.cc(73)] ReadMemory at 0x18ec55c4620 of 68 bytes failed: ReadProcessMemory 또는 WriteProcessMemory의 일부 작업만을 마쳤습니다. (0x12B)
[0625/193636.216:ERROR:process_memory_win.cc(73)] ReadMemory at 0x18ec55c5780 of 132 bytes failed: ReadProcessMemory 또는 WriteProcessMemory의 일부 작업만을 마쳤습니다. (0x12B)
[0625/193636.217:ERROR:process_memory_win.cc(73)] ReadMemory at 0x18ec55c5910 of 154 bytes failed: ReadProcessMemory 또는 WriteProcessMemory의 일부 작업만을 마쳤습니다. (0x12B)
[0625/193636.217:ERROR:process_memory_win.cc(73)] ReadMemory at 0x18ec55c651c of 512 bytes failed: ReadProcessMemory 또는 WriteProcessMemory의 일부 작업만을 마쳤습니다. (0x12B)
[0625/193636.217:ERROR:process_memory_win.cc(73)] ReadMemory at 0x18ec55c6d50 of 132 bytes failed: ReadProcessMemory 또는 WriteProcessMemory의 일부 작업만을 마쳤습니다. (0x12B)
[0625/193636.217:ERROR:process_memory_win.cc(73)] ReadMemory at 0x18ec55c7920 of 62 bytes failed: ReadProcessMemory 또는 WriteProcessMemory의 일부 작업만을 마쳤습니다. (0x12B)
[0625/193636.217:ERROR:process_memory_win.cc(73)] ReadMemory at 0x18ec55c7970 of 132 bytes failed: ReadProcessMemory 또는 WriteProcessMemory의 일부 작업만을 마쳤습니다. (0x12B)
[0625/193636.217:ERROR:process_memory_win.cc(73)] ReadMemory at 0x18ec55c7b10 of 132 bytes failed: ReadProcessMemory 또는 WriteProcessMemory의 일부 작업만을 마쳤습니다. (0x12B)
[0625/193636.217:ERROR:process_memory_win.cc(73)] ReadMemory at 0x18ec55c7c40 of 60 bytes failed: ReadProcessMemory 또는 WriteProcessMemory의 일부 작업만을 마쳤습니다. (0x12B)
[0625/193636.217:ERROR:process_memory_win.cc(73)] ReadMemory at 0x18ec55c9180 of 132 bytes failed: ReadProcessMemory 또는 WriteProcessMemory의 일부 작업만을 마쳤습니다. (0x12B)
[0625/193636.217:ERROR:process_memory_win.cc(73)] ReadMemory at 0x18ec55c9310 of 80 bytes failed: ReadProcessMemory 또는 WriteProcessMemory의 일부 작업만을 마쳤습니다. (0x12B)
[0625/193636.217:ERROR:process_memory_win.cc(73)] ReadMemory at 0x18ec55cb880 of 64 bytes failed: ReadProcessMemory 또는 WriteProcessMemory의 일부 작업만을 마쳤습니다. (0x12B)
[0625/193636.217:ERROR:process_memory_win.cc(73)] ReadMemory at 0x18ec55cb920 of 62 bytes failed: ReadProcessMemory 또는 WriteProcessMemory의 일부 작업만을 마쳤습니다. (0x12B)
[0625/193636.217:ERROR:process_memory_win.cc(73)] ReadMemory at 0x18ec55cba10 of 64 bytes failed: ReadProcessMemory 또는 WriteProcessMemory의 일부 작업만을 마쳤습니다. (0x12B)
[0625/193636.218:ERROR:process_memory_win.cc(73)] ReadMemory at 0x18ec55cbb00 of 62 bytes failed: ReadProcessMemory 또는 WriteProcessMemory의 일부 작업만을 마쳤습니다. (0x12B)
[0625/193636.218:ERROR:process_memory_win.cc(73)] ReadMemory at 0x18ec55cbbf0 of 60 bytes failed: ReadProcessMemory 또는 WriteProcessMemory의 일부 작업만을 마쳤습니다. (0x12B)
[0625/193636.218:ERROR:process_memory_win.cc(73)] ReadMemory at 0x18ec55cbc40 of 64 bytes failed: ReadProcessMemory 또는 WriteProcessMemory의 일부 작업만을 마쳤습니다. (0x12B)
[0625/193636.218:ERROR:process_memory_win.cc(73)] ReadMemory at 0x18ec55cbce0 of 64 bytes failed: ReadProcessMemory 또는 WriteProcessMemory의 일부 작업만을 마쳤습니다. (0x12B)
[0625/193636.218:ERROR:process_memory_win.cc(73)] ReadMemory at 0x18ec55cbf60 of 60 bytes failed: ReadProcessMemory 또는 WriteProcessMemory의 일부 작업만을 마쳤습니다. (0x12B)
[0625/193636.218:ERROR:process_memory_win.cc(73)] ReadMemory at 0x18ec55cbfb0 of 66 bytes failed: ReadProcessMemory 또는 WriteProcessMemory의 일부 작업만을 마쳤습니다. (0x12B)
[0625/193636.218:ERROR:process_memory_win.cc(73)] ReadMemory at 0x18ec55ccd80 of 132 bytes failed: ReadProcessMemory 또는 WriteProcessMemory의 일부 작업만을 마쳤습니다. (0x12B)
[0625/193636.218:ERROR:process_memory_win.cc(73)] ReadMemory at 0x18ec55cceb0 of 132 bytes failed: ReadProcessMemory 또는 WriteProcessMemory의 일부 작업만을 마쳤습니다. (0x12B)
[0625/193636.218:ERROR:process_memory_win.cc(73)] ReadMemory at 0x18ec55ccfe0 of 132 bytes failed: ReadProcessMemory 또는 WriteProcessMemory의 일부 작업만을 마쳤습니다. (0x12B)
[0625/193636.218:ERROR:process_memory_win.cc(73)] ReadMemory at 0x18ec55cd110 of 132 bytes failed: ReadProcessMemory 또는 WriteProcessMemory의 일부 작업만을 마쳤습니다. (0x12B)
[0625/193636.218:ERROR:process_memory_win.cc(73)] ReadMemory at 0x18ec55cd240 of 132 bytes failed: ReadProcessMemory 또는 WriteProcessMemory의 일부 작업만을 마쳤습니다. (0x12B)
[0625/193636.218:ERROR:process_memory_win.cc(73)] ReadMemory at 0x18ec55cd370 of 132 bytes failed: ReadProcessMemory 또는 WriteProcessMemory의 일부 작업만을 마쳤습니다. (0x12B)
[0625/193636.218:ERROR:process_memory_win.cc(73)] ReadMemory at 0x18ec55cd4a0 of 132 bytes failed: ReadProcessMemory 또는 WriteProcessMemory의 일부 작업만을 마쳤습니다. (0x12B)
[0625/193636.219:ERROR:process_memory_win.cc(73)] ReadMemory at 0x18ec55cd5d0 of 132 bytes failed: ReadProcessMemory 또는 WriteProcessMemory의 일부 작업만을 마쳤습니다. (0x12B)
[0625/193636.219:ERROR:process_memory_win.cc(73)] ReadMemory at 0x18ec55cd830 of 132 bytes failed: ReadProcessMemory 또는 WriteProcessMemory의 일부 작업만을 마쳤습니다. (0x12B)
[0625/193636.219:ERROR:process_memory_win.cc(73)] ReadMemory at 0x18ec55cd960 of 132 bytes failed: ReadProcessMemory 또는 WriteProcessMemory의 일부 작업만을 마쳤습니다. (0x12B)
[0625/193636.219:ERROR:process_memory_win.cc(73)] ReadMemory at 0x18ec55cda90 of 132 bytes failed: ReadProcessMemory 또는 WriteProcessMemory의 일부 작업만을 마쳤습니다. (0x12B)
[0625/193636.219:ERROR:process_memory_win.cc(73)] ReadMemory at 0x18ec55cdbc0 of 132 bytes failed: ReadProcessMemory 또는 WriteProcessMemory의 일부 작업만을 마쳤습니다. (0x12B)
[0625/193636.219:ERROR:process_memory_win.cc(73)] ReadMemory at 0x18ec55d02a0 of 54 bytes failed: ReadProcessMemory 또는 WriteProcessMemory의 일부 작업만을 마쳤습니다. (0x12B)
[0625/193636.219:ERROR:process_memory_win.cc(73)] ReadMemory at 0x18ec55d0a10 of 132 bytes failed: ReadProcessMemory 또는 WriteProcessMemory의 일부 작업만을 마쳤습니다. (0x12B)
[0625/193636.219:ERROR:process_memory_win.cc(73)] ReadMemory at 0x18ec55d0c30 of 132 bytes failed: ReadProcessMemory 또는 WriteProcessMemory의 일부 작업만을 마쳤습니다. (0x12B)
[0625/193636.219:ERROR:process_memory_win.cc(73)] ReadMemory at 0x18ec55d0f90 of 132 bytes failed: ReadProcessMemory 또는 WriteProcessMemory의 일부 작업만을 마쳤습니다. (0x12B)
[0625/193636.219:ERROR:process_memory_win.cc(73)] ReadMemory at 0x18ec55d11a0 of 132 bytes failed: ReadProcessMemory 또는 WriteProcessMemory의 일부 작업만을 마쳤습니다. (0x12B)
[0625/193636.219:ERROR:process_memory_win.cc(73)] ReadMemory at 0x18ec55d1810 of 132 bytes failed: ReadProcessMemory 또는 WriteProcessMemory의 일부 작업만을 마쳤습니다. (0x12B)
[0625/193636.220:ERROR:process_memory_win.cc(73)] ReadMemory at 0x18ec55d3270 of 132 bytes failed: ReadProcessMemory 또는 WriteProcessMemory의 일부 작업만을 마쳤습니다. (0x12B)
[0625/193636.220:ERROR:process_memory_win.cc(73)] ReadMemory at 0x18ec55d4dc0 of 132 bytes failed: ReadProcessMemory 또는 WriteProcessMemory의 일부 작업만을 마쳤습니다. (0x12B)
[0625/193636.220:ERROR:process_memory_win.cc(73)] ReadMemory at 0x18ec55d4ef0 of 146 bytes failed: ReadProcessMemory 또는 WriteProcessMemory의 일부 작업만을 마쳤습니다. (0x12B)
[0625/193636.220:ERROR:process_memory_win.cc(73)] ReadMemory at 0x18ec55d5460 of 78 bytes failed: ReadProcessMemory 또는 WriteProcessMemory의 일부 작업만을 마쳤습니다. (0x12B)
[0625/193636.220:ERROR:process_memory_win.cc(73)] ReadMemory at 0x18ec55d5a00 of 76 bytes failed: ReadProcessMemory 또는 WriteProcessMemory의 일부 작업만을 마쳤습니다. (0x12B)
[0625/193636.220:ERROR:process_memory_win.cc(73)] ReadMemory at 0x18ec55d5ee0 of 80 bytes failed: ReadProcessMemory 또는 WriteProcessMemory의 일부 작업만을 마쳤습니다. (0x12B)
[0625/193636.220:ERROR:process_memory_win.cc(73)] ReadMemory at 0x18ec55d6210 of 60 bytes failed: ReadProcessMemory 또는 WriteProcessMemory의 일부 작업만을 마쳤습니다. (0x12B)
[0625/193636.220:ERROR:process_memory_win.cc(73)] ReadMemory at 0x18ec55d6260 of 62 bytes failed: ReadProcessMemory 또는 WriteProcessMemory의 일부 작업만을 마쳤습니다. (0x12B)
[0625/193636.220:ERROR:process_memory_win.cc(73)] ReadMemory at 0x18ec55d62b0 of 64 bytes failed: ReadProcessMemory 또는 WriteProcessMemory의 일부 작업만을 마쳤습니다. (0x12B)
[0625/193636.220:ERROR:process_memory_win.cc(73)] ReadMemory at 0x18ec55d6440 of 60 bytes failed: ReadProcessMemory 또는 WriteProcessMemory의 일부 작업만을 마쳤습니다. (0x12B)
[0625/193636.220:ERROR:process_memory_win.cc(73)] ReadMemory at 0x18ec55d6490 of 62 bytes failed: ReadProcessMemory 또는 WriteProcessMemory의 일부 작업만을 마쳤습니다. (0x12B)
[0625/193636.220:ERROR:process_memory_win.cc(73)] ReadMemory at 0x18ec55d6580 of 62 bytes failed: ReadProcessMemory 또는 WriteProcessMemory의 일부 작업만을 마쳤습니다. (0x12B)
[0625/193636.220:ERROR:process_memory_win.cc(73)] ReadMemory at 0x18ec55d65d0 of 62 bytes failed: ReadProcessMemory 또는 WriteProcessMemory의 일부 작업만을 마쳤습니다. (0x12B)
[0625/193636.221:ERROR:process_memory_win.cc(73)] ReadMemory at 0x18ec55d6620 of 62 bytes failed: ReadProcessMemory 또는 WriteProcessMemory의 일부 작업만을 마쳤습니다. (0x12B)
[0625/193636.221:ERROR:process_memory_win.cc(73)] ReadMemory at 0x18ec55d6670 of 62 bytes failed: ReadProcessMemory 또는 WriteProcessMemory의 일부 작업만을 마쳤습니다. (0x12B)
[0625/193636.221:ERROR:process_memory_win.cc(73)] ReadMemory at 0x18ec55d68f0 of 66 bytes failed: ReadProcessMemory 또는 WriteProcessMemory의 일부 작업만을 마쳤습니다. (0x12B)
[0625/193636.221:ERROR:process_memory_win.cc(73)] ReadMemory at 0x18ec55d6990 of 62 bytes failed: ReadProcessMemory 또는 WriteProcessMemory의 일부 작업만을 마쳤습니다. (0x12B)
[0625/193636.221:ERROR:process_memory_win.cc(73)] ReadMemory at 0x18ec55d6ad0 of 62 bytes failed: ReadProcessMemory 또는 WriteProcessMemory의 일부 작업만을 마쳤습니다. (0x12B)
[0625/193636.221:ERROR:process_memory_win.cc(73)] ReadMemory at 0x18ec55d6e40 of 60 bytes failed: ReadProcessMemory 또는 WriteProcessMemory의 일부 작업만을 마쳤습니다. (0x12B)
[0625/193636.221:ERROR:process_memory_win.cc(73)] ReadMemory at 0x18ec55d6e90 of 60 bytes failed: ReadProcessMemory 또는 WriteProcessMemory의 일부 작업만을 마쳤습니다. (0x12B)
[0625/193636.221:ERROR:process_memory_win.cc(73)] ReadMemory at 0x18ec55d6ee0 of 64 bytes failed: ReadProcessMemory 또는 WriteProcessMemory의 일부 작업만을 마쳤습니다. (0x12B)
[0625/193636.221:ERROR:process_memory_win.cc(73)] ReadMemory at 0x18ec55d6fd0 of 64 bytes failed: ReadProcessMemory 또는 WriteProcessMemory의 일부 작업만을 마쳤습니다. (0x12B)
[0625/193636.221:ERROR:process_memory_win.cc(73)] ReadMemory at 0x18ec55d7070 of 64 bytes failed: ReadProcessMemory 또는 WriteProcessMemory의 일부 작업만을 마쳤습니다. (0x12B)
[0625/193636.221:ERROR:process_memory_win.cc(73)] ReadMemory at 0x18ec55d70c0 of 58 bytes failed: ReadProcessMemory 또는 WriteProcessMemory의 일부 작업만을 마쳤습니다. (0x12B)
[0625/193636.221:ERROR:process_memory_win.cc(73)] ReadMemory at 0x18ec55d7ab0 of 132 bytes failed: ReadProcessMemory 또는 WriteProcessMemory의 일부 작업만을 마쳤습니다. (0x12B)
[0625/193636.222:ERROR:process_memory_win.cc(73)] ReadMemory at 0x18ec55d7d10 of 132 bytes failed: ReadProcessMemory 또는 WriteProcessMemory의 일부 작업만을 마쳤습니다. (0x12B)
[0625/193636.222:ERROR:process_memory_win.cc(73)] ReadMemory at 0x18ec55d7e40 of 132 bytes failed: ReadProcessMemory 또는 WriteProcessMemory의 일부 작업만을 마쳤습니다. (0x12B)
[0625/193636.222:ERROR:process_memory_win.cc(73)] ReadMemory at 0x18ec55d7f70 of 132 bytes failed: ReadProcessMemory 또는 WriteProcessMemory의 일부 작업만을 마쳤습니다. (0x12B)
[0625/193636.222:ERROR:process_memory_win.cc(73)] ReadMemory at 0x18ec55d80a0 of 132 bytes failed: ReadProcessMemory 또는 WriteProcessMemory의 일부 작업만을 마쳤습니다. (0x12B)
[0625/193636.222:ERROR:process_memory_win.cc(73)] ReadMemory at 0x18ec55d8300 of 132 bytes failed: ReadProcessMemory 또는 WriteProcessMemory의 일부 작업만을 마쳤습니다. (0x12B)
[0625/193636.222:ERROR:process_memory_win.cc(73)] ReadMemory at 0x18ec55d8430 of 132 bytes failed: ReadProcessMemory 또는 WriteProcessMemory의 일부 작업만을 마쳤습니다. (0x12B)
[0625/193636.222:ERROR:process_memory_win.cc(73)] ReadMemory at 0x18ec55d8560 of 132 bytes failed: ReadProcessMemory 또는 WriteProcessMemory의 일부 작업만을 마쳤습니다. (0x12B)
[0625/193636.222:ERROR:process_memory_win.cc(73)] ReadMemory at 0x18ec55d8690 of 132 bytes failed: ReadProcessMemory 또는 WriteProcessMemory의 일부 작업만을 마쳤습니다. (0x12B)
[0625/193636.222:ERROR:process_memory_win.cc(73)] ReadMemory at 0x18ec55d87c0 of 132 bytes failed: ReadProcessMemory 또는 WriteProcessMemory의 일부 작업만을 마쳤습니다. (0x12B)
[0625/193636.223:ERROR:process_memory_win.cc(73)] ReadMemory at 0x18ec55d88f0 of 132 bytes failed: ReadProcessMemory 또는 WriteProcessMemory의 일부 작업만을 마쳤습니다. (0x12B)
[0625/193636.223:ERROR:process_memory_win.cc(73)] ReadMemory at 0x18ec55d8a20 of 132 bytes failed: ReadProcessMemory 또는 WriteProcessMemory의 일부 작업만을 마쳤습니다. (0x12B)
[0625/193636.223:ERROR:process_memory_win.cc(73)] ReadMemory at 0x18ec55d8b50 of 132 bytes failed: ReadProcessMemory 또는 WriteProcessMemory의 일부 작업만을 마쳤습니다. (0x12B)
[0625/193636.223:ERROR:process_memory_win.cc(73)] ReadMemory at 0x18ec55d8c80 of 132 bytes failed: ReadProcessMemory 또는 WriteProcessMemory의 일부 작업만을 마쳤습니다. (0x12B)
[0625/193636.223:ERROR:process_memory_win.cc(73)] ReadMemory at 0x18ec55d8db0 of 132 bytes failed: ReadProcessMemory 또는 WriteProcessMemory의 일부 작업만을 마쳤습니다. (0x12B)
[0625/193636.223:ERROR:process_memory_win.cc(73)] ReadMemory at 0x18ec55d8ee0 of 132 bytes failed: ReadProcessMemory 또는 WriteProcessMemory의 일부 작업만을 마쳤습니다. (0x12B)
[0625/193636.223:ERROR:process_memory_win.cc(73)] ReadMemory at 0x18ec55d9010 of 132 bytes failed: ReadProcessMemory 또는 WriteProcessMemory의 일부 작업만을 마쳤습니다. (0x12B)
[0625/193636.224:ERROR:process_memory_win.cc(73)] ReadMemory at 0x18ec55d9140 of 132 bytes failed: ReadProcessMemory 또는 WriteProcessMemory의 일부 작업만을 마쳤습니다. (0x12B)
[0625/193636.224:ERROR:process_memory_win.cc(73)] ReadMemory at 0x18ec55d9270 of 132 bytes failed: ReadProcessMemory 또는 WriteProcessMemory의 일부 작업만을 마쳤습니다. (0x12B)
[0625/193636.224:ERROR:process_memory_win.cc(73)] ReadMemory at 0x18ec55d93a0 of 132 bytes failed: ReadProcessMemory 또는 WriteProcessMemory의 일부 작업만을 마쳤습니다. (0x12B)
[0625/193636.224:ERROR:process_memory_win.cc(73)] ReadMemory at 0x18ec55d9730 of 132 bytes failed: ReadProcessMemory 또는 WriteProcessMemory의 일부 작업만을 마쳤습니다. (0x12B)
[0625/193636.224:ERROR:process_memory_win.cc(73)] ReadMemory at 0x18ec55e6ff0 of 58 bytes failed: ReadProcessMemory 또는 WriteProcessMemory의 일부 작업만을 마쳤습니다. (0x12B)
[0625/193636.224:ERROR:process_memory_win.cc(73)] ReadMemory at 0x18ec55e7130 of 62 bytes failed: ReadProcessMemory 또는 WriteProcessMemory의 일부 작업만을 마쳤습니다. (0x12B)
[0625/193636.224:ERROR:process_memory_win.cc(73)] ReadMemory at 0x18ec55e71d0 of 58 bytes failed: ReadProcessMemory 또는 WriteProcessMemory의 일부 작업만을 마쳤습니다. (0x12B)
[0625/193636.224:ERROR:process_memory_win.cc(73)] ReadMemory at 0x18ec55e7270 of 62 bytes failed: ReadProcessMemory 또는 WriteProcessMemory의 일부 작업만을 마쳤습니다. (0x12B)
[0625/193636.225:ERROR:process_memory_win.cc(73)] ReadMemory at 0x18ec55e7310 of 60 bytes failed: ReadProcessMemory 또는 WriteProcessMemory의 일부 작업만을 마쳤습니다. (0x12B)
[0625/193636.225:ERROR:process_memory_win.cc(73)] ReadMemory at 0x18ec55e7680 of 64 bytes failed: ReadProcessMemory 또는 WriteProcessMemory의 일부 작업만을 마쳤습니다. (0x12B)
[0625/193636.225:ERROR:process_memory_win.cc(73)] ReadMemory at 0x18ec55e7810 of 62 bytes failed: ReadProcessMemory 또는 WriteProcessMemory의 일부 작업만을 마쳤습니다. (0x12B)
[0625/193636.225:ERROR:process_memory_win.cc(73)] ReadMemory at 0x18ec55e7950 of 58 bytes failed: ReadProcessMemory 또는 WriteProcessMemory의 일부 작업만을 마쳤습니다. (0x12B)
[0625/193636.225:ERROR:process_memory_win.cc(73)] ReadMemory at 0x18ec55e79a0 of 66 bytes failed: ReadProcessMemory 또는 WriteProcessMemory의 일부 작업만을 마쳤습니다. (0x12B)
[0625/193636.225:ERROR:process_memory_win.cc(73)] ReadMemory at 0x18ec55e7c20 of 60 bytes failed: ReadProcessMemory 또는 WriteProcessMemory의 일부 작업만을 마쳤습니다. (0x12B)
[0625/193636.225:ERROR:process_memory_win.cc(73)] ReadMemory at 0x18ec55f73d0 of 512 bytes failed: ReadProcessMemory 또는 WriteProcessMemory의 일부 작업만을 마쳤습니다. (0x12B)
[0625/193636.225:ERROR:process_memory_win.cc(73)] ReadMemory at 0x18ec55f7750 of 512 bytes failed: ReadProcessMemory 또는 WriteProcessMemory의 일부 작업만을 마쳤습니다. (0x12B)
[0625/193636.226:ERROR:process_memory_win.cc(73)] ReadMemory at 0x18ec55fbc50 of 512 bytes failed: ReadProcessMemory 또는 WriteProcessMemory의 일부 작업만을 마쳤습니다. (0x12B)
[0625/193636.226:ERROR:process_memory_win.cc(73)] ReadMemory at 0x18ec55fd4e0 of 512 bytes failed: ReadProcessMemory 또는 WriteProcessMemory의 일부 작업만을 마쳤습니다. (0x12B)
[0625/193636.226:ERROR:process_memory_win.cc(73)] ReadMemory at 0x18ec5830d90 of 512 bytes failed: ReadProcessMemory 또는 WriteProcessMemory의 일부 작업만을 마쳤습니다. (0x12B)
[0625/193636.226:ERROR:process_memory_win.cc(73)] ReadMemory at 0x18ec58310c0 of 512 bytes failed: ReadProcessMemory 또는 WriteProcessMemory의 일부 작업만을 마쳤습니다. (0x12B)
[0625/193636.226:ERROR:process_memory_win.cc(73)] ReadMemory at 0x18ec5832500 of 512 bytes failed: ReadProcessMemory 또는 WriteProcessMemory의 일부 작업만을 마쳤습니다. (0x12B)
[0625/193636.226:ERROR:process_memory_win.cc(73)] ReadMemory at 0x18ec5c60000 of 384 bytes failed: ReadProcessMemory 또는 WriteProcessMemory의 일부 작업만을 마쳤습니다. (0x12B)
[0625/193636.226:ERROR:process_memory_win.cc(73)] ReadMemory at 0x18ec5c9f7f0 of 512 bytes failed: ReadProcessMemory 또는 WriteProcessMemory의 일부 작업만을 마쳤습니다. (0x12B)
[0625/193636.226:ERROR:process_memory_win.cc(73)] ReadMemory at 0x18ec5cb2050 of 712 bytes failed: ReadProcessMemory 또는 WriteProcessMemory의 일부 작업만을 마쳤습니다. (0x12B)
[0625/193636.227:ERROR:process_memory_win.cc(73)] ReadMemory at 0x18ec5ccd150 of 512 bytes failed: ReadProcessMemory 또는 WriteProcessMemory의 일부 작업만을 마쳤습니다. (0x12B)
[0625/193636.227:ERROR:process_memory_win.cc(73)] ReadMemory at 0x18ec5ce2a20 of 512 bytes failed: ReadProcessMemory 또는 WriteProcessMemory의 일부 작업만을 마쳤습니다. (0x12B)
[0625/193636.227:ERROR:process_memory_win.cc(73)] ReadMemory at 0x18ec5cf1cb0 of 512 bytes failed: ReadProcessMemory 또는 WriteProcessMemory의 일부 작업만을 마쳤습니다. (0x12B)
[0625/193636.227:ERROR:process_memory_win.cc(73)] ReadMemory at 0x18ec5faff80 of 512 bytes failed: ReadProcessMemory 또는 WriteProcessMemory의 일부 작업만을 마쳤습니다. (0x12B)
[0625/193636.227:ERROR:process_memory_win.cc(73)] ReadMemory at 0x18ec76021c0 of 512 bytes failed: ReadProcessMemory 또는 WriteProcessMemory의 일부 작업만을 마쳤습니다. (0x12B)
[0625/193636.227:ERROR:process_memory_win.cc(73)] ReadMemory at 0x18ec7708040 of 512 bytes failed: ReadProcessMemory 또는 WriteProcessMemory의 일부 작업만을 마쳤습니다. (0x12B)
[0625/193636.227:ERROR:process_memory_win.cc(73)] ReadMemory at 0x18ec774fe60 of 512 bytes failed: ReadProcessMemory 또는 WriteProcessMemory의 일부 작업만을 마쳤습니다. (0x12B)
[0625/193636.227:ERROR:process_memory_win.cc(73)] ReadMemory at 0x18ecdd132f0 of 512 bytes failed: ReadProcessMemory 또는 WriteProcessMemory의 일부 작업만을 마쳤습니다. (0x12B)
[0625/193636.227:ERROR:process_memory_win.cc(73)] ReadMemory at 0x18ecdecc3d0 of 512 bytes failed: ReadProcessMemory 또는 WriteProcessMemory의 일부 작업만을 마쳤습니다. (0x12B)
[0625/193636.227:ERROR:process_memory_win.cc(73)] ReadMemory at 0x18ece357ae0 of 512 bytes failed: ReadProcessMemory 또는 WriteProcessMemory의 일부 작업만을 마쳤습니다. (0x12B)
[0625/193636.228:ERROR:process_memory_win.cc(73)] ReadMemory at 0x18ed2dcf3f0 of 512 bytes failed: ReadProcessMemory 또는 WriteProcessMemory의 일부 작업만을 마쳤습니다. (0x12B)
[0625/193636.228:ERROR:process_memory_win.cc(73)] ReadMemory at 0x18ed4220a40 of 512 bytes failed: ReadProcessMemory 또는 WriteProcessMemory의 일부 작업만을 마쳤습니다. (0x12B)
[0625/193636.228:ERROR:process_memory_win.cc(73)] ReadMemory at 0x18ed51b1820 of 512 bytes failed: ReadProcessMemory 또는 WriteProcessMemory의 일부 작업만을 마쳤습니다. (0x12B)
[0625/193636.228:ERROR:process_memory_win.cc(73)] ReadMemory at 0x18ed6d92470 of 512 bytes failed: ReadProcessMemory 또는 WriteProcessMemory의 일부 작업만을 마쳤습니다. (0x12B)
[0625/193636.228:ERROR:process_memory_win.cc(73)] ReadMemory at 0x18ed709b380 of 512 bytes failed: ReadProcessMemory 또는 WriteProcessMemory의 일부 작업만을 마쳤습니다. (0x12B)
[0625/193636.228:ERROR:process_memory_win.cc(73)] ReadMemory at 0x18ed8e3ab40 of 512 bytes failed: ReadProcessMemory 또는 WriteProcessMemory의 일부 작업만을 마쳤습니다. (0x12B)
[0625/193636.229:ERROR:process_memory_win.cc(73)] ReadMemory at 0x7ffbcc3f7d2b of 512 bytes failed: ReadProcessMemory 또는 WriteProcessMemory의 일부 작업만을 마쳤습니다. (0x12B)
[0625/193636.229:ERROR:process_memory_win.cc(73)] ReadMemory at 0x7ffbce5c5548 of 512 bytes failed: ReadProcessMemory 또는 WriteProcessMemory의 일부 작업만을 마쳤습니다. (0x12B)
[0625/193636.229:ERROR:process_memory_win.cc(73)] ReadMemory at 0x7ffbce803381 of 512 bytes failed: ReadProcessMemory 또는 WriteProcessMemory의 일부 작업만을 마쳤습니다. (0x12B)
[0625/193636.229:ERROR:process_memory_win.cc(73)] ReadMemory at 0x7ffc1763a719 of 512 bytes failed: ReadProcessMemory 또는 WriteProcessMemory의 일부 작업만을 마쳤습니다. (0x12B)
[0625/193636.229:ERROR:process_memory_win.cc(73)] ReadMemory at 0x7ffc1786c6e0 of 512 bytes failed: ReadProcessMemory 또는 WriteProcessMemory의 일부 작업만을 마쳤습니다. (0x12B)
[0625/193636.229:ERROR:process_memory_win.cc(73)] ReadMemory at 0x7ffc19b3c074 of 672 bytes failed: ReadProcessMemory 또는 WriteProcessMemory의 일부 작업만을 마쳤습니다. (0x12B)
[0625/193636.229:ERROR:process_memory_win.cc(73)] ReadMemory at 0x7ffc19b3c674 of 512 bytes failed: ReadProcessMemory 또는 WriteProcessMemory의 일부 작업만을 마쳤습니다. (0x12B)
[0625/193636.229:ERROR:process_memory_win.cc(73)] ReadMemory at 0x7ffc19b3f924 of 608 bytes failed: ReadProcessMemory 또는 WriteProcessMemory의 일부 작업만을 마쳤습니다. (0x12B)
[0625/193636.229:ERROR:process_memory_win.cc(73)] ReadMemory at 0x7ffc19bcc428 of 18 bytes failed: ReadProcessMemory 또는 WriteProcessMemory의 일부 작업만을 마쳤습니다. (0x12B)
[0625/193636.230:ERROR:process_memory_win.cc(73)] ReadMemory at 0x7ffc19bff4f8 of 40 bytes failed: ReadProcessMemory 또는 WriteProcessMemory의 일부 작업만을 마쳤습니다. (0x12B)
[0625/193636.230:ERROR:process_memory_win.cc(73)] ReadMemory at 0x7ffc19bff978 of 48 bytes failed: ReadProcessMemory 또는 WriteProcessMemory의 일부 작업만을 마쳤습니다. (0x12B)
[0625/193636.230:ERROR:process_memory_win.cc(73)] ReadMemory at 0x7ffc19c053c0 of 64 bytes failed: ReadProcessMemory 또는 WriteProcessMemory의 일부 작업만을 마쳤습니다. (0x12B)
[0625/193636.287:ERROR:scoped_process_suspend.cc(40)] NtResumeProcess: 기존 프로세스에 액세스하려고 했습니다. (0xc000010a)
